#
# There is insufficient memory for the Java Runtime Environment to continue.
# Native memory allocation (mmap) failed to map 31457280 bytes. Error detail: G1 virtual space
# Possible reasons:
#   The system is out of physical RAM or swap space
#   This process is running with CompressedOops enabled, and the Java Heap may be blocking the growth of the native heap
# Possible solutions:
#   Reduce memory load on the system
#   Increase physical memory or swap space
#   Check if swap backing store is full
#   Decrease Java heap size (-Xmx/-Xms)
#   Decrease number of Java threads
#   Decrease Java thread stack sizes (-Xss)
#   Set larger code cache with -XX:ReservedCodeCacheSize=
#   JVM is running with Unscaled Compressed Oops mode in which the Java heap is
#     placed in the first 4GB address space. The Java Heap base address is the
#     maximum limit for the native heap growth. Please use -XX:HeapBaseMinAddress
#     to set the Java Heap base and to place the Java Heap above 4GB virtual address.
# This output file may be truncated or incomplete.
#
#  Out of Memory Error (os_windows.cpp:3925), pid=13440, tid=4240
#
# JRE version: OpenJDK Runtime Environment (21.0.9) (build 21.0.9+-14787801-b1163.94)
# Java VM: OpenJDK 64-Bit Server VM (21.0.9+-14787801-b1163.94, mixed mode, tiered, compressed oops, compressed class ptrs, g1 gc, windows-amd64)
# No core dump will be written. Minidumps are not enabled by default on client versions of Windows
#

---------------  S U M M A R Y ------------

Command Line: --add-opens=java.base/java.lang=ALL-UNNAMED --add-opens=java.base/java.lang.invoke=ALL-UNNAMED --add-opens=java.base/java.util=ALL-UNNAMED --add-opens=java.prefs/java.util.prefs=ALL-UNNAMED --add-exports=jdk.compiler/com.sun.tools.javac.api=ALL-UNNAMED --add-exports=jdk.compiler/com.sun.tools.javac.util=ALL-UNNAMED --add-opens=java.base/java.util=ALL-UNNAMED --add-opens=java.prefs/java.util.prefs=ALL-UNNAMED --add-opens=java.base/java.nio.charset=ALL-UNNAMED --add-opens=java.base/java.net=ALL-UNNAMED --add-opens=java.base/java.util.concurrent=ALL-UNNAMED --add-opens=java.base/java.util.concurrent.atomic=ALL-UNNAMED --add-opens=java.xml/javax.xml.namespace=ALL-UNNAMED --add-opens=java.base/java.time=ALL-UNNAMED -Xmx2048m -Dfile.encoding=UTF-8 -Duser.country=RU -Duser.language=ru -Duser.variant -javaagent:C:\Users\tarha\.gradle\wrapper\dists\gradle-9.3.1-bin\23ovyewtku6u96viwx3xl3oks\gradle-9.3.1\lib\agents\gradle-instrumentation-agent-9.3.1.jar org.gradle.launcher.daemon.bootstrap.GradleDaemon 9.3.1

Host: Intel(R) Core(TM) i3-10110U CPU @ 2.10GHz, 4 cores, 7G,  Windows 10 , 64 bit Build 19041 (10.0.19041.5915)
Time: Tue Mar 31 22:55:41 2026 elapsed time: 23.379586 seconds (0d 0h 0m 23s)

---------------  T H R E A D  ---------------

Current thread (0x0000014daefc0090):  VMThread "VM Thread"          [id=4240, stack(0x0000001330e00000,0x0000001330f00000) (1024K)]

Stack: [0x0000001330e00000,0x0000001330f00000]
Native frames: (J=compiled Java code, j=interpreted, Vv=VM code, C=native code)
V  [jvm.dll+0x6d6c99]
V  [jvm.dll+0x866b83]
V  [jvm.dll+0x8691ae]
V  [jvm.dll+0x869893]
V  [jvm.dll+0x280776]
V  [jvm.dll+0x6d3555]
V  [jvm.dll+0x6c6bea]
V  [jvm.dll+0x3587fb]
V  [jvm.dll+0x360476]
V  [jvm.dll+0x3b2646]
V  [jvm.dll+0x3b2918]
V  [jvm.dll+0x32af0c]
V  [jvm.dll+0x32af97]
V  [jvm.dll+0x370e7c]
V  [jvm.dll+0x36f62e]
V  [jvm.dll+0x32a661]
V  [jvm.dll+0x36ed30]
V  [jvm.dll+0x86f618]
V  [jvm.dll+0x870994]
V  [jvm.dll+0x870ed0]
V  [jvm.dll+0x871163]
V  [jvm.dll+0x80f118]
V  [jvm.dll+0x6d54ed]
C  [ucrtbase.dll+0x21bb2]
C  [KERNEL32.DLL+0x17374]
C  [ntdll.dll+0x4cc91]

VM_Operation (0x00000013348fc4c0): G1CollectForAllocation, mode: safepoint, requested by thread 0x0000014db8ae7a90


---------------  P R O C E S S  ---------------

Threads class SMR info:
_java_thread_list=0x0000014db8ad8ed0, length=55, elements={
0x0000014d95f300b0, 0x0000014daf13ba10, 0x0000014daf13dd60, 0x0000014daf13ea80,
0x0000014daf13fa20, 0x0000014daf177ad0, 0x0000014daf178530, 0x0000014daf14c5b0,
0x0000014daf14d340, 0x0000014daf1973a0, 0x0000014daf406e40, 0x0000014db4c73330,
0x0000014db54f12a0, 0x0000014db5426900, 0x0000014daf389fc0, 0x0000014db53360f0,
0x0000014db5661ce0, 0x0000014db5661650, 0x0000014db5660fc0, 0x0000014db5663720,
0x0000014db5662a00, 0x0000014db5662370, 0x0000014db5663db0, 0x0000014db5663090,
0x0000014db71cddd0, 0x0000014db71cca20, 0x0000014db71ca950, 0x0000014db71cafe0,
0x0000014db71cbd00, 0x0000014db71cd0b0, 0x0000014db71cd740, 0x0000014db7304950,
0x0000014db7302f10, 0x0000014db72ff400, 0x0000014db73042c0, 0x0000014db73035a0,
0x0000014db7300e40, 0x0000014db7305670, 0x0000014db72fed70, 0x0000014db7305d00,
0x0000014db72ffa90, 0x0000014db7303c30, 0x0000014db7306390, 0x0000014db73014d0,
0x0000014db7301b60, 0x0000014db7300120, 0x0000014db8ae9b60, 0x0000014db8ae59c0,
0x0000014db8aeb5a0, 0x0000014db8aec2c0, 0x0000014db8ae6d70, 0x0000014db8aecfe0,
0x0000014db8ae6050, 0x0000014db8ae87b0, 0x0000014db8ae7a90
}

Java Threads: ( => current thread )
  0x0000014d95f300b0 JavaThread "main"                              [_thread_blocked, id=8680, stack(0x0000001330700000,0x0000001330800000) (1024K)]
  0x0000014daf13ba10 JavaThread "Common-Cleaner"             daemon [_thread_blocked, id=5200, stack(0x0000001330f00000,0x0000001331000000) (1024K)]
  0x0000014daf13dd60 JavaThread "Reference Handler"          daemon [_thread_blocked, id=5428, stack(0x0000001331000000,0x0000001331100000) (1024K)]
  0x0000014daf13ea80 JavaThread "Finalizer"                  daemon [_thread_blocked, id=9408, stack(0x0000001331100000,0x0000001331200000) (1024K)]
  0x0000014daf13fa20 JavaThread "Signal Dispatcher"          daemon [_thread_blocked, id=7188, stack(0x0000001331200000,0x0000001331300000) (1024K)]
  0x0000014daf177ad0 JavaThread "Attach Listener"            daemon [_thread_blocked, id=4192, stack(0x0000001331300000,0x0000001331400000) (1024K)]
  0x0000014daf178530 JavaThread "Service Thread"             daemon [_thread_blocked, id=12624, stack(0x0000001331400000,0x0000001331500000) (1024K)]
  0x0000014daf14c5b0 JavaThread "Monitor Deflation Thread"   daemon [_thread_blocked, id=8832, stack(0x0000001331500000,0x0000001331600000) (1024K)]
  0x0000014daf14d340 JavaThread "C2 CompilerThread0"         daemon [_thread_blocked, id=14736, stack(0x0000001331600000,0x0000001331700000) (1024K)]
  0x0000014daf1973a0 JavaThread "C1 CompilerThread0"         daemon [_thread_blocked, id=15916, stack(0x0000001331700000,0x0000001331800000) (1024K)]
  0x0000014daf406e40 JavaThread "Notification Thread"        daemon [_thread_blocked, id=7940, stack(0x0000001331800000,0x0000001331900000) (1024K)]
  0x0000014db4c73330 JavaThread "Daemon health stats"               [_thread_blocked, id=9288, stack(0x0000001331c00000,0x0000001331d00000) (1024K)]
  0x0000014db54f12a0 JavaThread "Incoming local TCP Connector on port 65116"        [_thread_in_native, id=15124, stack(0x0000001331e00000,0x0000001331f00000) (1024K)]
  0x0000014db5426900 JavaThread "Daemon periodic checks"            [_thread_blocked, id=13148, stack(0x0000001331f00000,0x0000001332000000) (1024K)]
  0x0000014daf389fc0 JavaThread "Daemon"                            [_thread_blocked, id=9912, stack(0x0000001332000000,0x0000001332100000) (1024K)]
  0x0000014db53360f0 JavaThread "Handler for socket connection from /127.0.0.1:65116 to /127.0.0.1:65117"        [_thread_in_native, id=2300, stack(0x0000001332100000,0x0000001332200000) (1024K)]
  0x0000014db5661ce0 JavaThread "Cancel handler"                    [_thread_blocked, id=10320, stack(0x0000001331d00000,0x0000001331e00000) (1024K)]
  0x0000014db5661650 JavaThread "Daemon worker"                     [_thread_blocked, id=14624, stack(0x0000001332200000,0x0000001332300000) (1024K)]
  0x0000014db5660fc0 JavaThread "Asynchronous log dispatcher for DefaultDaemonConnection: socket connection from /127.0.0.1:65116 to /127.0.0.1:65117"        [_thread_blocked, id=10512, stack(0x0000001332300000,0x0000001332400000) (1024K)]
  0x0000014db5663720 JavaThread "Stdin handler"                     [_thread_blocked, id=1120, stack(0x0000001332400000,0x0000001332500000) (1024K)]
  0x0000014db5662a00 JavaThread "Daemon client event forwarder"        [_thread_blocked, id=7792, stack(0x0000001332500000,0x0000001332600000) (1024K)]
  0x0000014db5662370 JavaThread "Cache worker for journal cache (C:\Users\tarha\.gradle\caches\journal-1)"        [_thread_blocked, id=9116, stack(0x0000001332600000,0x0000001332700000) (1024K)]
  0x0000014db5663db0 JavaThread "File lock request listener"        [_thread_in_native, id=16000, stack(0x0000001332700000,0x0000001332800000) (1024K)]
  0x0000014db5663090 JavaThread "Cache worker for file hash cache (C:\Users\tarha\.gradle\caches\9.3.1\fileHashes)"        [_thread_blocked, id=6620, stack(0x0000001332900000,0x0000001332a00000) (1024K)]
  0x0000014db71cddd0 JavaThread "Cache worker for file hash cache (C:\Users\tarha\AndroidStudioProjects\LearningCompose\.gradle\9.3.1\fileHashes)"        [_thread_blocked, id=8244, stack(0x0000001332a00000,0x0000001332b00000) (1024K)]
  0x0000014db71cca20 JavaThread "Cache worker for Build Output Cleanup Cache (C:\Users\tarha\AndroidStudioProjects\LearningCompose\.gradle\buildOutputCleanup)"        [_thread_blocked, id=6216, stack(0x0000001332b00000,0x0000001332c00000) (1024K)]
  0x0000014db71ca950 JavaThread "File watcher server"        daemon [_thread_in_native, id=3372, stack(0x0000001332c00000,0x0000001332d00000) (1024K)]
  0x0000014db71cafe0 JavaThread "File watcher consumer"      daemon [_thread_blocked, id=3604, stack(0x0000001332d00000,0x0000001332e00000) (1024K)]
  0x0000014db71cbd00 JavaThread "jar transforms"                    [_thread_blocked, id=13504, stack(0x0000001332e00000,0x0000001332f00000) (1024K)]
  0x0000014db71cd0b0 JavaThread "jar transforms Thread 2"           [_thread_blocked, id=14804, stack(0x0000001332f00000,0x0000001333000000) (1024K)]
  0x0000014db71cd740 JavaThread "jar transforms Thread 3"           [_thread_blocked, id=8696, stack(0x0000001333000000,0x0000001333100000) (1024K)]
  0x0000014db7304950 JavaThread "jar transforms Thread 4"           [_thread_blocked, id=360, stack(0x0000001333100000,0x0000001333200000) (1024K)]
  0x0000014db7302f10 JavaThread "Cache worker for checksums cache (C:\Users\tarha\AndroidStudioProjects\LearningCompose\.gradle\9.3.1\checksums)"        [_thread_blocked, id=11972, stack(0x0000001333200000,0x0000001333300000) (1024K)]
  0x0000014db72ff400 JavaThread "Cache worker for file content cache (C:\Users\tarha\.gradle\caches\9.3.1\fileContent)"        [_thread_blocked, id=3004, stack(0x0000001333300000,0x0000001333400000) (1024K)]
  0x0000014db73042c0 JavaThread "Cache worker for cache directory md-supplier (C:\Users\tarha\.gradle\caches\9.3.1\md-supplier)"        [_thread_blocked, id=7628, stack(0x0000001333400000,0x0000001333500000) (1024K)]
  0x0000014db73035a0 JavaThread "Cache worker for cache directory md-rule (C:\Users\tarha\.gradle\caches\9.3.1\md-rule)"        [_thread_blocked, id=5732, stack(0x0000001333500000,0x0000001333600000) (1024K)]
  0x0000014db7300e40 JavaThread "Unconstrained build operations"        [_thread_blocked, id=15740, stack(0x0000001333600000,0x0000001333700000) (1024K)]
  0x0000014db7305670 JavaThread "Unconstrained build operations Thread 2"        [_thread_blocked, id=13740, stack(0x0000001333700000,0x0000001333800000) (1024K)]
  0x0000014db72fed70 JavaThread "Unconstrained build operations Thread 3"        [_thread_blocked, id=8272, stack(0x0000001333800000,0x0000001333900000) (1024K)]
  0x0000014db7305d00 JavaThread "Unconstrained build operations Thread 4"        [_thread_blocked, id=4340, stack(0x0000001333900000,0x0000001333a00000) (1024K)]
  0x0000014db72ffa90 JavaThread "Unconstrained build operations Thread 5"        [_thread_blocked, id=14524, stack(0x0000001333a00000,0x0000001333b00000) (1024K)]
  0x0000014db7303c30 JavaThread "Unconstrained build operations Thread 6"        [_thread_blocked, id=1108, stack(0x0000001333b00000,0x0000001333c00000) (1024K)]
  0x0000014db7306390 JavaThread "Unconstrained build operations Thread 7"        [_thread_blocked, id=10524, stack(0x0000001333c00000,0x0000001333d00000) (1024K)]
  0x0000014db73014d0 JavaThread "Unconstrained build operations Thread 8"        [_thread_blocked, id=12772, stack(0x0000001333d00000,0x0000001333e00000) (1024K)]
  0x0000014db7301b60 JavaThread "Unconstrained build operations Thread 9"        [_thread_blocked, id=14588, stack(0x0000001333e00000,0x0000001333f00000) (1024K)]
  0x0000014db7300120 JavaThread "Unconstrained build operations Thread 10"        [_thread_blocked, id=9836, stack(0x0000001333f00000,0x0000001334000000) (1024K)]
  0x0000014db8ae9b60 JavaThread "Unconstrained build operations Thread 11"        [_thread_blocked, id=15528, stack(0x0000001334000000,0x0000001334100000) (1024K)]
  0x0000014db8ae59c0 JavaThread "Unconstrained build operations Thread 12"        [_thread_blocked, id=15272, stack(0x0000001334100000,0x0000001334200000) (1024K)]
  0x0000014db8aeb5a0 JavaThread "Unconstrained build operations Thread 13"        [_thread_blocked, id=8620, stack(0x0000001334200000,0x0000001334300000) (1024K)]
  0x0000014db8aec2c0 JavaThread "Unconstrained build operations Thread 14"        [_thread_blocked, id=5800, stack(0x0000001334300000,0x0000001334400000) (1024K)]
  0x0000014db8ae6d70 JavaThread "Unconstrained build operations Thread 15"        [_thread_blocked, id=15608, stack(0x0000001334400000,0x0000001334500000) (1024K)]
  0x0000014db8aecfe0 JavaThread "Unconstrained build operations Thread 16"        [_thread_blocked, id=11456, stack(0x0000001334500000,0x0000001334600000) (1024K)]
  0x0000014db8ae6050 JavaThread "Unconstrained build operations Thread 17"        [_thread_blocked, id=568, stack(0x0000001334600000,0x0000001334700000) (1024K)]
  0x0000014db8ae87b0 JavaThread "Unconstrained build operations Thread 18"        [_thread_blocked, id=12780, stack(0x0000001334700000,0x0000001334800000) (1024K)]
  0x0000014db8ae7a90 JavaThread "Unconstrained build operations Thread 19"        [_thread_blocked, id=10544, stack(0x0000001334800000,0x0000001334900000) (1024K)]
Total: 55

Other Threads:
=>0x0000014daefc0090 VMThread "VM Thread"                           [id=4240, stack(0x0000001330e00000,0x0000001330f00000) (1024K)]
  0x0000014daef31340 WatcherThread "VM Periodic Task Thread"        [id=3504, stack(0x0000001330d00000,0x0000001330e00000) (1024K)]
  0x0000014d98193910 WorkerThread "GC Thread#0"                     [id=10792, stack(0x0000001330800000,0x0000001330900000) (1024K)]
  0x0000014daf4ed4e0 WorkerThread "GC Thread#1"                     [id=14868, stack(0x0000001331900000,0x0000001331a00000) (1024K)]
  0x0000014daf4ed880 WorkerThread "GC Thread#2"                     [id=12404, stack(0x0000001331a00000,0x0000001331b00000) (1024K)]
  0x0000014daf6ab800 WorkerThread "GC Thread#3"                     [id=10500, stack(0x0000001331b00000,0x0000001331c00000) (1024K)]
  0x0000014d981a5d00 ConcurrentGCThread "G1 Main Marker"            [id=13216, stack(0x0000001330900000,0x0000001330a00000) (1024K)]
  0x0000014d981a7180 WorkerThread "G1 Conc#0"                       [id=12972, stack(0x0000001330a00000,0x0000001330b00000) (1024K)]
  0x0000014daee060e0 ConcurrentGCThread "G1 Refine#0"               [id=15756, stack(0x0000001330b00000,0x0000001330c00000) (1024K)]
  0x0000014daee06cd0 ConcurrentGCThread "G1 Service"                [id=14536, stack(0x0000001330c00000,0x0000001330d00000) (1024K)]
Total: 10

Threads with active compile tasks:
C2 CompilerThread0  23409 9326       4       java.io.DataOutputStream::writeUTF (389 bytes)
Total: 1

VM state: at safepoint (normal execution)

VM Mutex/Monitor currently owned by a thread:  ([mutex/lock_event])
[0x00007ff8a1dd8690] Threads_lock - owner thread: 0x0000014daefc0090
[0x00007ff8a1dd8790] Heap_lock - owner thread: 0x0000014db8ae7a90

Heap address: 0x0000000080000000, size: 2048 MB, Compressed Oops mode: 32-bit

CDS archive(s) not mapped
Compressed class space mapped at: 0x0000000100000000-0x0000000140000000, reserved size: 1073741824
Narrow klass base: 0x0000000000000000, Narrow klass shift: 3, Narrow klass range: 0x140000000

GC Precious Log:
 CardTable entry size: 512
 Card Set container configuration: InlinePtr #cards 5 size 8 Array Of Cards #cards 12 size 40 Howl #buckets 4 coarsen threshold 1843 Howl Bitmap #cards 512 size 80 coarsen threshold 460 Card regions per heap region 1 cards per card region 2048
 CPUs: 4 total, 4 available
 Memory: 8026M
 Large Page Support: Disabled
 NUMA Support: Disabled
 Compressed Oops: Enabled (32-bit)
 Heap Region Size: 1M
 Heap Min Capacity: 8M
 Heap Initial Capacity: 126M
 Heap Max Capacity: 2G
 Pre-touch: Disabled
 Parallel Workers: 4
 Concurrent Workers: 1
 Concurrent Refinement Workers: 4
 Periodic GC: Disabled

Heap:
 garbage-first heap   total 147456K, used 84271K [0x0000000080000000, 0x0000000100000000)
  region size 1024K, 4 young (4096K), 4 survivors (4096K)
 Metaspace       used 79989K, committed 81856K, reserved 1179648K
  class space    used 11284K, committed 12160K, reserved 1048576K

Heap Regions: E=young(eden), S=young(survivor), O=old, HS=humongous(starts), HC=humongous(continues), CS=collection set, F=free, TAMS=top-at-mark-start, PB=parsable bottom
|   0|0x0000000080000000, 0x0000000080100000, 0x0000000080100000|100%|HS|  |TAMS 0x0000000080100000| PB 0x0000000080000000| Complete 
|   1|0x0000000080100000, 0x0000000080200000, 0x0000000080200000|100%|HC|  |TAMS 0x0000000080200000| PB 0x0000000080100000| Complete 
|   2|0x0000000080200000, 0x0000000080300000, 0x0000000080300000|100%|HC|  |TAMS 0x0000000080300000| PB 0x0000000080200000| Complete 
|   3|0x0000000080300000, 0x0000000080400000, 0x0000000080400000|100%|HC|  |TAMS 0x0000000080400000| PB 0x0000000080300000| Complete 
|   4|0x0000000080400000, 0x0000000080500000, 0x0000000080500000|100%|HS|  |TAMS 0x0000000080500000| PB 0x0000000080400000| Complete 
|   5|0x0000000080500000, 0x0000000080600000, 0x0000000080600000|100%| O|  |TAMS 0x0000000080600000| PB 0x0000000080500000| Untracked 
|   6|0x0000000080600000, 0x0000000080700000, 0x0000000080700000|100%| O|  |TAMS 0x0000000080700000| PB 0x0000000080600000| Untracked 
|   7|0x0000000080700000, 0x0000000080800000, 0x0000000080800000|100%| O|  |TAMS 0x0000000080800000| PB 0x0000000080700000| Untracked 
|   8|0x0000000080800000, 0x0000000080900000, 0x0000000080900000|100%| O|  |TAMS 0x0000000080900000| PB 0x0000000080800000| Untracked 
|   9|0x0000000080900000, 0x0000000080a00000, 0x0000000080a00000|100%| O|  |TAMS 0x0000000080a00000| PB 0x0000000080900000| Untracked 
|  10|0x0000000080a00000, 0x0000000080b00000, 0x0000000080b00000|100%| O|  |TAMS 0x0000000080b00000| PB 0x0000000080a00000| Untracked 
|  11|0x0000000080b00000, 0x0000000080c00000, 0x0000000080c00000|100%| O|  |TAMS 0x0000000080c00000| PB 0x0000000080b00000| Untracked 
|  12|0x0000000080c00000, 0x0000000080d00000, 0x0000000080d00000|100%| O|  |TAMS 0x0000000080d00000| PB 0x0000000080c00000| Untracked 
|  13|0x0000000080d00000, 0x0000000080e00000, 0x0000000080e00000|100%| O|  |TAMS 0x0000000080e00000| PB 0x0000000080d00000| Untracked 
|  14|0x0000000080e00000, 0x0000000080f00000, 0x0000000080f00000|100%| O|  |TAMS 0x0000000080f00000| PB 0x0000000080e00000| Untracked 
|  15|0x0000000080f00000, 0x0000000081000000, 0x0000000081000000|100%| O|  |TAMS 0x0000000081000000| PB 0x0000000080f00000| Untracked 
|  16|0x0000000081000000, 0x0000000081100000, 0x0000000081100000|100%| O|  |TAMS 0x0000000081100000| PB 0x0000000081000000| Untracked 
|  17|0x0000000081100000, 0x0000000081200000, 0x0000000081200000|100%| O|  |TAMS 0x0000000081200000| PB 0x0000000081100000| Untracked 
|  18|0x0000000081200000, 0x0000000081300000, 0x0000000081300000|100%|HS|  |TAMS 0x0000000081300000| PB 0x0000000081200000| Complete 
|  19|0x0000000081300000, 0x0000000081400000, 0x0000000081400000|100%|HC|  |TAMS 0x0000000081400000| PB 0x0000000081300000| Complete 
|  20|0x0000000081400000, 0x0000000081500000, 0x0000000081500000|100%|HC|  |TAMS 0x0000000081500000| PB 0x0000000081400000| Complete 
|  21|0x0000000081500000, 0x0000000081600000, 0x0000000081600000|100%|HC|  |TAMS 0x0000000081600000| PB 0x0000000081500000| Complete 
|  22|0x0000000081600000, 0x0000000081700000, 0x0000000081700000|100%|HC|  |TAMS 0x0000000081700000| PB 0x0000000081600000| Complete 
|  23|0x0000000081700000, 0x0000000081800000, 0x0000000081800000|100%|HC|  |TAMS 0x0000000081800000| PB 0x0000000081700000| Complete 
|  24|0x0000000081800000, 0x0000000081900000, 0x0000000081900000|100%|HS|  |TAMS 0x0000000081900000| PB 0x0000000081800000| Complete 
|  25|0x0000000081900000, 0x0000000081a00000, 0x0000000081a00000|100%|HC|  |TAMS 0x0000000081a00000| PB 0x0000000081900000| Complete 
|  26|0x0000000081a00000, 0x0000000081b00000, 0x0000000081b00000|100%|HS|  |TAMS 0x0000000081b00000| PB 0x0000000081a00000| Complete 
|  27|0x0000000081b00000, 0x0000000081c00000, 0x0000000081c00000|100%|HS|  |TAMS 0x0000000081c00000| PB 0x0000000081b00000| Complete 
|  28|0x0000000081c00000, 0x0000000081d00000, 0x0000000081d00000|100%|HC|  |TAMS 0x0000000081d00000| PB 0x0000000081c00000| Complete 
|  29|0x0000000081d00000, 0x0000000081e00000, 0x0000000081e00000|100%|HC|  |TAMS 0x0000000081e00000| PB 0x0000000081d00000| Complete 
|  30|0x0000000081e00000, 0x0000000081f00000, 0x0000000081f00000|100%|HC|  |TAMS 0x0000000081f00000| PB 0x0000000081e00000| Complete 
|  31|0x0000000081f00000, 0x0000000082000000, 0x0000000082000000|100%|HC|  |TAMS 0x0000000082000000| PB 0x0000000081f00000| Complete 
|  32|0x0000000082000000, 0x0000000082100000, 0x0000000082100000|100%|HC|  |TAMS 0x0000000082100000| PB 0x0000000082000000| Complete 
|  33|0x0000000082100000, 0x0000000082200000, 0x0000000082200000|100%|HS|  |TAMS 0x0000000082200000| PB 0x0000000082100000| Complete 
|  34|0x0000000082200000, 0x0000000082300000, 0x0000000082300000|100%|HC|  |TAMS 0x0000000082300000| PB 0x0000000082200000| Complete 
|  35|0x0000000082300000, 0x0000000082400000, 0x0000000082400000|100%| O|  |TAMS 0x0000000082400000| PB 0x0000000082300000| Untracked 
|  36|0x0000000082400000, 0x0000000082500000, 0x0000000082500000|100%| O|  |TAMS 0x0000000082500000| PB 0x0000000082400000| Untracked 
|  37|0x0000000082500000, 0x0000000082600000, 0x0000000082600000|100%| O|  |TAMS 0x0000000082600000| PB 0x0000000082500000| Untracked 
|  38|0x0000000082600000, 0x0000000082700000, 0x0000000082700000|100%| O|  |TAMS 0x0000000082700000| PB 0x0000000082600000| Untracked 
|  39|0x0000000082700000, 0x0000000082800000, 0x0000000082800000|100%| O|  |TAMS 0x0000000082800000| PB 0x0000000082700000| Untracked 
|  40|0x0000000082800000, 0x0000000082900000, 0x0000000082900000|100%| O|  |TAMS 0x0000000082900000| PB 0x0000000082800000| Untracked 
|  41|0x0000000082900000, 0x0000000082a00000, 0x0000000082a00000|100%| O|  |TAMS 0x0000000082a00000| PB 0x0000000082900000| Untracked 
|  42|0x0000000082a00000, 0x0000000082b00000, 0x0000000082b00000|100%| O|  |TAMS 0x0000000082b00000| PB 0x0000000082a00000| Untracked 
|  43|0x0000000082b00000, 0x0000000082c00000, 0x0000000082c00000|100%| O|  |TAMS 0x0000000082c00000| PB 0x0000000082b00000| Untracked 
|  44|0x0000000082c00000, 0x0000000082d00000, 0x0000000082d00000|100%| O|  |TAMS 0x0000000082d00000| PB 0x0000000082c00000| Untracked 
|  45|0x0000000082d00000, 0x0000000082e00000, 0x0000000082e00000|100%| O|  |TAMS 0x0000000082e00000| PB 0x0000000082d00000| Untracked 
|  46|0x0000000082e00000, 0x0000000082f00000, 0x0000000082f00000|100%|HS|  |TAMS 0x0000000082f00000| PB 0x0000000082e00000| Complete 
|  47|0x0000000082f00000, 0x0000000083000000, 0x0000000083000000|100%|HC|  |TAMS 0x0000000083000000| PB 0x0000000082f00000| Complete 
|  48|0x0000000083000000, 0x0000000083100000, 0x0000000083100000|100%| O|  |TAMS 0x0000000083100000| PB 0x0000000083000000| Untracked 
|  49|0x0000000083100000, 0x0000000083200000, 0x0000000083200000|100%| O|  |TAMS 0x0000000083200000| PB 0x0000000083100000| Untracked 
|  50|0x0000000083200000, 0x0000000083300000, 0x0000000083300000|100%| O|  |TAMS 0x0000000083300000| PB 0x0000000083200000| Untracked 
|  51|0x0000000083300000, 0x0000000083400000, 0x0000000083400000|100%| O|  |TAMS 0x0000000083400000| PB 0x0000000083300000| Untracked 
|  52|0x0000000083400000, 0x0000000083500000, 0x0000000083500000|100%| O|  |TAMS 0x0000000083500000| PB 0x0000000083400000| Untracked 
|  53|0x0000000083500000, 0x0000000083600000, 0x0000000083600000|100%| O|  |TAMS 0x0000000083600000| PB 0x0000000083500000| Untracked 
|  54|0x0000000083600000, 0x0000000083700000, 0x0000000083700000|100%| O|  |TAMS 0x0000000083700000| PB 0x0000000083600000| Untracked 
|  55|0x0000000083700000, 0x0000000083800000, 0x0000000083800000|100%| O|  |TAMS 0x0000000083800000| PB 0x0000000083700000| Untracked 
|  56|0x0000000083800000, 0x0000000083900000, 0x0000000083900000|100%| O|  |TAMS 0x0000000083900000| PB 0x0000000083800000| Untracked 
|  57|0x0000000083900000, 0x0000000083a00000, 0x0000000083a00000|100%| O|  |TAMS 0x0000000083a00000| PB 0x0000000083900000| Untracked 
|  58|0x0000000083a00000, 0x0000000083b00000, 0x0000000083b00000|100%| O|  |TAMS 0x0000000083b00000| PB 0x0000000083a00000| Untracked 
|  59|0x0000000083b00000, 0x0000000083c00000, 0x0000000083c00000|100%| O|  |TAMS 0x0000000083c00000| PB 0x0000000083b00000| Untracked 
|  60|0x0000000083c00000, 0x0000000083d00000, 0x0000000083d00000|100%| O|  |TAMS 0x0000000083d00000| PB 0x0000000083c00000| Untracked 
|  61|0x0000000083d00000, 0x0000000083e00000, 0x0000000083e00000|100%| O|  |TAMS 0x0000000083e00000| PB 0x0000000083d00000| Untracked 
|  62|0x0000000083e00000, 0x0000000083f00000, 0x0000000083f00000|100%| O|  |TAMS 0x0000000083f00000| PB 0x0000000083e00000| Untracked 
|  63|0x0000000083f00000, 0x0000000084000000, 0x0000000084000000|100%| O|  |TAMS 0x0000000084000000| PB 0x0000000083f00000| Untracked 
|  64|0x0000000084000000, 0x0000000084100000, 0x0000000084100000|100%| O|  |TAMS 0x0000000084100000| PB 0x0000000084000000| Untracked 
|  65|0x0000000084100000, 0x0000000084200000, 0x0000000084200000|100%| O|  |TAMS 0x0000000084200000| PB 0x0000000084100000| Untracked 
|  66|0x0000000084200000, 0x0000000084300000, 0x0000000084300000|100%| O|  |TAMS 0x0000000084300000| PB 0x0000000084200000| Untracked 
|  67|0x0000000084300000, 0x0000000084400000, 0x0000000084400000|100%|HS|  |TAMS 0x0000000084400000| PB 0x0000000084300000| Complete 
|  68|0x0000000084400000, 0x0000000084425900, 0x0000000084500000| 14%| O|  |TAMS 0x0000000084425900| PB 0x0000000084400000| Untracked 
|  69|0x0000000084500000, 0x0000000084500000, 0x0000000084600000|  0%| F|  |TAMS 0x0000000084500000| PB 0x0000000084500000| Untracked 
|  70|0x0000000084600000, 0x0000000084600000, 0x0000000084700000|  0%| F|  |TAMS 0x0000000084600000| PB 0x0000000084600000| Untracked 
|  71|0x0000000084700000, 0x0000000084700000, 0x0000000084800000|  0%| F|  |TAMS 0x0000000084700000| PB 0x0000000084700000| Untracked 
|  72|0x0000000084800000, 0x0000000084800000, 0x0000000084900000|  0%| F|  |TAMS 0x0000000084800000| PB 0x0000000084800000| Untracked 
|  73|0x0000000084900000, 0x0000000084926398, 0x0000000084a00000| 14%| S|CS|TAMS 0x0000000084900000| PB 0x0000000084900000| Complete 
|  74|0x0000000084a00000, 0x0000000084b00000, 0x0000000084b00000|100%| S|CS|TAMS 0x0000000084a00000| PB 0x0000000084a00000| Complete 
|  75|0x0000000084b00000, 0x0000000084c00000, 0x0000000084c00000|100%| S|CS|TAMS 0x0000000084b00000| PB 0x0000000084b00000| Complete 
|  76|0x0000000084c00000, 0x0000000084d00000, 0x0000000084d00000|100%| S|CS|TAMS 0x0000000084c00000| PB 0x0000000084c00000| Complete 
|  77|0x0000000084d00000, 0x0000000084d00000, 0x0000000084e00000|  0%| F|  |TAMS 0x0000000084d00000| PB 0x0000000084d00000| Untracked 
|  78|0x0000000084e00000, 0x0000000084e00000, 0x0000000084f00000|  0%| F|  |TAMS 0x0000000084e00000| PB 0x0000000084e00000| Untracked 
|  79|0x0000000084f00000, 0x0000000084f00000, 0x0000000085000000|  0%| F|  |TAMS 0x0000000084f00000| PB 0x0000000084f00000| Untracked 
|  80|0x0000000085000000, 0x0000000085000000, 0x0000000085100000|  0%| F|  |TAMS 0x0000000085000000| PB 0x0000000085000000| Untracked 
|  81|0x0000000085100000, 0x0000000085100000, 0x0000000085200000|  0%| F|  |TAMS 0x0000000085100000| PB 0x0000000085100000| Untracked 
|  82|0x0000000085200000, 0x0000000085200000, 0x0000000085300000|  0%| F|  |TAMS 0x0000000085200000| PB 0x0000000085200000| Untracked 
|  83|0x0000000085300000, 0x0000000085300000, 0x0000000085400000|  0%| F|  |TAMS 0x0000000085300000| PB 0x0000000085300000| Untracked 
|  84|0x0000000085400000, 0x0000000085400000, 0x0000000085500000|  0%| F|  |TAMS 0x0000000085400000| PB 0x0000000085400000| Untracked 
|  85|0x0000000085500000, 0x0000000085500000, 0x0000000085600000|  0%| F|  |TAMS 0x0000000085500000| PB 0x0000000085500000| Untracked 
|  86|0x0000000085600000, 0x0000000085600000, 0x0000000085700000|  0%| F|  |TAMS 0x0000000085600000| PB 0x0000000085600000| Untracked 
|  87|0x0000000085700000, 0x0000000085700000, 0x0000000085800000|  0%| F|  |TAMS 0x0000000085700000| PB 0x0000000085700000| Untracked 
|  88|0x0000000085800000, 0x0000000085800000, 0x0000000085900000|  0%| F|  |TAMS 0x0000000085800000| PB 0x0000000085800000| Untracked 
|  89|0x0000000085900000, 0x0000000085900000, 0x0000000085a00000|  0%| F|  |TAMS 0x0000000085900000| PB 0x0000000085900000| Untracked 
|  90|0x0000000085a00000, 0x0000000085a00000, 0x0000000085b00000|  0%| F|  |TAMS 0x0000000085a00000| PB 0x0000000085a00000| Untracked 
|  91|0x0000000085b00000, 0x0000000085b00000, 0x0000000085c00000|  0%| F|  |TAMS 0x0000000085b00000| PB 0x0000000085b00000| Untracked 
|  92|0x0000000085c00000, 0x0000000085c00000, 0x0000000085d00000|  0%| F|  |TAMS 0x0000000085c00000| PB 0x0000000085c00000| Untracked 
|  93|0x0000000085d00000, 0x0000000085d00000, 0x0000000085e00000|  0%| F|  |TAMS 0x0000000085d00000| PB 0x0000000085d00000| Untracked 
|  94|0x0000000085e00000, 0x0000000085e00000, 0x0000000085f00000|  0%| F|  |TAMS 0x0000000085e00000| PB 0x0000000085e00000| Untracked 
|  95|0x0000000085f00000, 0x0000000085f00000, 0x0000000086000000|  0%| F|  |TAMS 0x0000000085f00000| PB 0x0000000085f00000| Untracked 
|  96|0x0000000086000000, 0x0000000086000000, 0x0000000086100000|  0%| F|  |TAMS 0x0000000086000000| PB 0x0000000086000000| Untracked 
|  97|0x0000000086100000, 0x0000000086100000, 0x0000000086200000|  0%| F|  |TAMS 0x0000000086100000| PB 0x0000000086100000| Untracked 
|  98|0x0000000086200000, 0x0000000086200000, 0x0000000086300000|  0%| F|  |TAMS 0x0000000086200000| PB 0x0000000086200000| Untracked 
|  99|0x0000000086300000, 0x0000000086300000, 0x0000000086400000|  0%| F|  |TAMS 0x0000000086300000| PB 0x0000000086300000| Untracked 
| 100|0x0000000086400000, 0x0000000086400000, 0x0000000086500000|  0%| F|  |TAMS 0x0000000086400000| PB 0x0000000086400000| Untracked 
| 101|0x0000000086500000, 0x0000000086500000, 0x0000000086600000|  0%| F|  |TAMS 0x0000000086500000| PB 0x0000000086500000| Untracked 
| 102|0x0000000086600000, 0x0000000086600000, 0x0000000086700000|  0%| F|  |TAMS 0x0000000086600000| PB 0x0000000086600000| Untracked 
| 103|0x0000000086700000, 0x0000000086700000, 0x0000000086800000|  0%| F|  |TAMS 0x0000000086700000| PB 0x0000000086700000| Untracked 
| 104|0x0000000086800000, 0x0000000086800000, 0x0000000086900000|  0%| F|  |TAMS 0x0000000086800000| PB 0x0000000086800000| Untracked 
| 105|0x0000000086900000, 0x0000000086900000, 0x0000000086a00000|  0%| F|  |TAMS 0x0000000086900000| PB 0x0000000086900000| Untracked 
| 106|0x0000000086a00000, 0x0000000086a00000, 0x0000000086b00000|  0%| F|  |TAMS 0x0000000086a00000| PB 0x0000000086a00000| Untracked 
| 107|0x0000000086b00000, 0x0000000086b00000, 0x0000000086c00000|  0%| F|  |TAMS 0x0000000086b00000| PB 0x0000000086b00000| Untracked 
| 108|0x0000000086c00000, 0x0000000086c00000, 0x0000000086d00000|  0%| F|  |TAMS 0x0000000086c00000| PB 0x0000000086c00000| Untracked 
| 109|0x0000000086d00000, 0x0000000086d00000, 0x0000000086e00000|  0%| F|  |TAMS 0x0000000086d00000| PB 0x0000000086d00000| Untracked 
| 110|0x0000000086e00000, 0x0000000086e00000, 0x0000000086f00000|  0%| F|  |TAMS 0x0000000086e00000| PB 0x0000000086e00000| Untracked 
| 111|0x0000000086f00000, 0x0000000086f00000, 0x0000000087000000|  0%| F|  |TAMS 0x0000000086f00000| PB 0x0000000086f00000| Untracked 
| 112|0x0000000087000000, 0x0000000087000000, 0x0000000087100000|  0%| F|  |TAMS 0x0000000087000000| PB 0x0000000087000000| Untracked 
| 113|0x0000000087100000, 0x0000000087100000, 0x0000000087200000|  0%| F|  |TAMS 0x0000000087100000| PB 0x0000000087100000| Untracked 
| 114|0x0000000087200000, 0x0000000087200000, 0x0000000087300000|  0%| F|  |TAMS 0x0000000087200000| PB 0x0000000087200000| Untracked 
| 115|0x0000000087300000, 0x0000000087300000, 0x0000000087400000|  0%| F|  |TAMS 0x0000000087300000| PB 0x0000000087300000| Untracked 
| 116|0x0000000087400000, 0x0000000087400000, 0x0000000087500000|  0%| F|  |TAMS 0x0000000087400000| PB 0x0000000087400000| Untracked 
| 117|0x0000000087500000, 0x0000000087500000, 0x0000000087600000|  0%| F|  |TAMS 0x0000000087500000| PB 0x0000000087500000| Untracked 
| 118|0x0000000087600000, 0x0000000087600000, 0x0000000087700000|  0%| F|  |TAMS 0x0000000087600000| PB 0x0000000087600000| Untracked 
| 119|0x0000000087700000, 0x0000000087700000, 0x0000000087800000|  0%| F|  |TAMS 0x0000000087700000| PB 0x0000000087700000| Untracked 
| 120|0x0000000087800000, 0x0000000087800000, 0x0000000087900000|  0%| F|  |TAMS 0x0000000087800000| PB 0x0000000087800000| Untracked 
| 121|0x0000000087900000, 0x0000000087900000, 0x0000000087a00000|  0%| F|  |TAMS 0x0000000087900000| PB 0x0000000087900000| Untracked 
| 122|0x0000000087a00000, 0x0000000087a00000, 0x0000000087b00000|  0%| F|  |TAMS 0x0000000087a00000| PB 0x0000000087a00000| Untracked 
| 123|0x0000000087b00000, 0x0000000087b00000, 0x0000000087c00000|  0%| F|  |TAMS 0x0000000087b00000| PB 0x0000000087b00000| Untracked 
| 124|0x0000000087c00000, 0x0000000087c00000, 0x0000000087d00000|  0%| F|  |TAMS 0x0000000087c00000| PB 0x0000000087c00000| Untracked 
| 125|0x0000000087d00000, 0x0000000087d00000, 0x0000000087e00000|  0%| F|  |TAMS 0x0000000087d00000| PB 0x0000000087d00000| Untracked 
| 126|0x0000000087e00000, 0x0000000087e00000, 0x0000000087f00000|  0%| F|  |TAMS 0x0000000087e00000| PB 0x0000000087e00000| Untracked 
| 127|0x0000000087f00000, 0x0000000087f00000, 0x0000000088000000|  0%| F|  |TAMS 0x0000000087f00000| PB 0x0000000087f00000| Untracked 
| 128|0x0000000088000000, 0x0000000088000000, 0x0000000088100000|  0%| F|  |TAMS 0x0000000088000000| PB 0x0000000088000000| Untracked 
| 129|0x0000000088100000, 0x0000000088100000, 0x0000000088200000|  0%| F|  |TAMS 0x0000000088100000| PB 0x0000000088100000| Untracked 
| 130|0x0000000088200000, 0x0000000088200000, 0x0000000088300000|  0%| F|  |TAMS 0x0000000088200000| PB 0x0000000088200000| Untracked 
|2035|0x00000000ff300000, 0x00000000ff400000, 0x00000000ff400000|100%| O|  |TAMS 0x00000000ff400000| PB 0x00000000ff300000| Untracked 
|2036|0x00000000ff400000, 0x00000000ff500000, 0x00000000ff500000|100%| O|  |TAMS 0x00000000ff500000| PB 0x00000000ff400000| Untracked 
|2037|0x00000000ff500000, 0x00000000ff500000, 0x00000000ff600000|  0%| F|  |TAMS 0x00000000ff500000| PB 0x00000000ff500000| Untracked 
|2038|0x00000000ff600000, 0x00000000ff700000, 0x00000000ff700000|100%| O|  |TAMS 0x00000000ff700000| PB 0x00000000ff600000| Untracked 
|2039|0x00000000ff700000, 0x00000000ff800000, 0x00000000ff800000|100%| O|  |TAMS 0x00000000ff800000| PB 0x00000000ff700000| Untracked 
|2040|0x00000000ff800000, 0x00000000ff900000, 0x00000000ff900000|100%| O|  |TAMS 0x00000000ff900000| PB 0x00000000ff800000| Untracked 
|2041|0x00000000ff900000, 0x00000000ffa00000, 0x00000000ffa00000|100%| O|  |TAMS 0x00000000ffa00000| PB 0x00000000ff900000| Untracked 
|2042|0x00000000ffa00000, 0x00000000ffa00000, 0x00000000ffb00000|  0%| F|  |TAMS 0x00000000ffa00000| PB 0x00000000ffa00000| Untracked 
|2043|0x00000000ffb00000, 0x00000000ffc00000, 0x00000000ffc00000|100%| O|  |TAMS 0x00000000ffc00000| PB 0x00000000ffb00000| Untracked 
|2044|0x00000000ffc00000, 0x00000000ffd00000, 0x00000000ffd00000|100%| O|  |TAMS 0x00000000ffd00000| PB 0x00000000ffc00000| Untracked 
|2045|0x00000000ffd00000, 0x00000000ffe00000, 0x00000000ffe00000|100%| O|  |TAMS 0x00000000ffe00000| PB 0x00000000ffd00000| Untracked 
|2046|0x00000000ffe00000, 0x00000000fff00000, 0x00000000fff00000|100%| O|  |TAMS 0x00000000fff00000| PB 0x00000000ffe00000| Untracked 
|2047|0x00000000fff00000, 0x0000000100000000, 0x0000000100000000|100%| O|  |TAMS 0x0000000100000000| PB 0x00000000fff00000| Untracked 

Card table byte_map: [0x0000014daa6b0000,0x0000014daaab0000] _byte_map_base: 0x0000014daa2b0000

Marking Bits: (CMBitMap*) 0x0000014d98195420
 Bits: [0x0000014daaab0000, 0x0000014dacab0000)

Polling page: 0x0000014d961c0000

Metaspace:

Usage:
  Non-class:     67.10 MB used.
      Class:     11.02 MB used.
       Both:     78.11 MB used.

Virtual space:
  Non-class space:      128.00 MB reserved,      68.06 MB ( 53%) committed,  2 nodes.
      Class space:        1.00 GB reserved,      11.88 MB (  1%) committed,  1 nodes.
             Both:        1.12 GB reserved,      79.94 MB (  7%) committed. 

Chunk freelists:
   Non-Class:  11.91 MB
       Class:  4.00 MB
        Both:  15.91 MB

MaxMetaspaceSize: unlimited
CompressedClassSpaceSize: 1.00 GB
Initial GC threshold: 21.00 MB
Current GC threshold: 133.25 MB
CDS: off
 - commit_granule_bytes: 65536.
 - commit_granule_words: 8192.
 - virtual_space_node_default_size: 8388608.
 - enlarge_chunks_in_place: 1.
 - use_allocation_guard: 0.


Internal statistics:

num_allocs_failed_limit: 9.
num_arena_births: 3656.
num_arena_deaths: 0.
num_vsnodes_births: 3.
num_vsnodes_deaths: 0.
num_space_committed: 1279.
num_space_uncommitted: 0.
num_chunks_returned_to_freelist: 9.
num_chunks_taken_from_freelist: 6913.
num_chunk_merges: 6.
num_chunk_splits: 4481.
num_chunks_enlarged: 2710.
num_inconsistent_stats: 0.

CodeHeap 'non-profiled nmethods': size=120000Kb used=4093Kb max_used=4246Kb free=115906Kb
 bounds [0x0000014da2d80000, 0x0000014da31b0000, 0x0000014daa2b0000]
CodeHeap 'profiled nmethods': size=120000Kb used=15060Kb max_used=15469Kb free=104939Kb
 bounds [0x0000014d9b2b0000, 0x0000014d9c1d0000, 0x0000014da27e0000]
CodeHeap 'non-nmethods': size=5760Kb used=1952Kb max_used=2005Kb free=3807Kb
 bounds [0x0000014da27e0000, 0x0000014da2a50000, 0x0000014da2d80000]
CodeCache: size=245760Kb, used=21105Kb, max_used=21720Kb, free=224652Kb
 total_blobs=8752, nmethods=7918, adapters=738, full_count=0
Compilation: enabled, stopped_count=0, restarted_count=0

Compilation events (20 events):
Event: 23.175 Thread 0x0000014daf1973a0 9316       3       org.gradle.cache.internal.DefaultFileLockManager::determineLockTargetFile (72 bytes)
Event: 23.175 Thread 0x0000014daf1973a0 nmethod 9316 0x0000014d9b61a910 code [0x0000014d9b61ac40, 0x0000014d9b61b938]
Event: 23.176 Thread 0x0000014daf1973a0 9318       3       org.gradle.cache.internal.filelock.LockFileAccess::<init> (43 bytes)
Event: 23.176 Thread 0x0000014daf14d340 nmethod 9313 0x0000014da2e0f410 code [0x0000014da2e0f5e0, 0x0000014da2e0f908]
Event: 23.176 Thread 0x0000014daf14d340 9315       4       sun.nio.fs.WindowsPath::toAbsolutePath (5 bytes)
Event: 23.176 Thread 0x0000014daf1973a0 nmethod 9318 0x0000014d9b3dca90 code [0x0000014d9b3dcc80, 0x0000014d9b3dd2c0]
Event: 23.178 Thread 0x0000014daf14d340 nmethod 9315 0x0000014da300b390 code [0x0000014da300b560, 0x0000014da300b708]
Event: 23.178 Thread 0x0000014daf14d340 9317   !   4       sun.nio.fs.WindowsPath::createFromNormalizedPath (65 bytes)
Event: 23.186 Thread 0x0000014daf1973a0 9320       3       org.gradle.internal.snapshot.impl.AbstractValueProcessor::processValue (402 bytes)
Event: 23.188 Thread 0x0000014daf1973a0 nmethod 9320 0x0000014d9b408090 code [0x0000014d9b408740, 0x0000014d9b40c700]
Event: 23.195 Thread 0x0000014daf14d340 nmethod 9317 0x0000014da2f2af10 code [0x0000014da2f2b100, 0x0000014da2f2bca0]
Event: 23.196 Thread 0x0000014daf14d340 9319   !   4       sun.nio.fs.WindowsNativeDispatcher::GetFileAttributesEx (73 bytes)
Event: 23.197 Thread 0x0000014daf1973a0 9321       3       org.gradle.api.internal.artifacts.transform.TransformExecutionResult$Builder$ProducedOutputOnlyResult::resolveForWorkspace (54 bytes)
Event: 23.199 Thread 0x0000014daf1973a0 nmethod 9321 0x0000014d9b48c610 code [0x0000014d9b48c960, 0x0000014d9b48df88]
Event: 23.231 Thread 0x0000014daf14d340 nmethod 9319 0x0000014da2ea5390 code [0x0000014da2ea5680, 0x0000014da2ea6820]
Event: 23.231 Thread 0x0000014daf14d340 9322       4       sun.nio.fs.WindowsFileSystemProvider::readAttributes (63 bytes)
Event: 23.354 Thread 0x0000014daf14d340 nmethod 9322 0x0000014da2f39390 code [0x0000014da2f399a0, 0x0000014da2f3cd40]
Event: 23.354 Thread 0x0000014daf14d340 9324   !   4       java.util.concurrent.CopyOnWriteArrayList::addIfAbsent (128 bytes)
Event: 23.372 Thread 0x0000014daf14d340 nmethod 9324 0x0000014da2ea4190 code [0x0000014da2ea4380, 0x0000014da2ea4f58]
Event: 23.372 Thread 0x0000014daf14d340 9326       4       java.io.DataOutputStream::writeUTF (389 bytes)

GC Heap History (20 events):
Event: 17.628 GC heap after
{Heap after GC invocations=20 (full 0):
 garbage-first heap   total 115712K, used 70192K [0x0000000080000000, 0x0000000100000000)
  region size 1024K, 1 young (1024K), 1 survivors (1024K)
 Metaspace       used 59045K, committed 60736K, reserved 1114112K
  class space    used 8354K, committed 9152K, reserved 1048576K
}
Event: 18.168 GC heap before
{Heap before GC invocations=20 (full 0):
 garbage-first heap   total 115712K, used 106032K [0x0000000080000000, 0x0000000100000000)
  region size 1024K, 36 young (36864K), 1 survivors (1024K)
 Metaspace       used 63506K, committed 65344K, reserved 1114112K
  class space    used 8992K, committed 9856K, reserved 1048576K
}
Event: 18.170 GC heap after
{Heap after GC invocations=21 (full 0):
 garbage-first heap   total 115712K, used 70776K [0x0000000080000000, 0x0000000100000000)
  region size 1024K, 2 young (2048K), 2 survivors (2048K)
 Metaspace       used 63506K, committed 65344K, reserved 1114112K
  class space    used 8992K, committed 9856K, reserved 1048576K
}
Event: 18.803 GC heap before
{Heap before GC invocations=22 (full 0):
 garbage-first heap   total 119808K, used 106616K [0x0000000080000000, 0x0000000100000000)
  region size 1024K, 37 young (37888K), 2 survivors (2048K)
 Metaspace       used 68029K, committed 69952K, reserved 1114112K
  class space    used 9717K, committed 10624K, reserved 1048576K
}
Event: 18.808 GC heap after
{Heap after GC invocations=23 (full 0):
 garbage-first heap   total 119808K, used 72690K [0x0000000080000000, 0x0000000100000000)
  region size 1024K, 4 young (4096K), 4 survivors (4096K)
 Metaspace       used 68029K, committed 69952K, reserved 1114112K
  class space    used 9717K, committed 10624K, reserved 1048576K
}
Event: 19.436 GC heap before
{Heap before GC invocations=23 (full 0):
 garbage-first heap   total 119808K, used 110578K [0x0000000080000000, 0x0000000100000000)
  region size 1024K, 41 young (41984K), 4 survivors (4096K)
 Metaspace       used 71996K, committed 73920K, reserved 1114112K
  class space    used 10326K, committed 11264K, reserved 1048576K
}
Event: 19.443 GC heap after
{Heap after GC invocations=24 (full 0):
 garbage-first heap   total 119808K, used 74716K [0x0000000080000000, 0x0000000100000000)
  region size 1024K, 5 young (5120K), 5 survivors (5120K)
 Metaspace       used 71996K, committed 73920K, reserved 1114112K
  class space    used 10326K, committed 11264K, reserved 1048576K
}
Event: 21.388 GC heap before
{Heap before GC invocations=24 (full 0):
 garbage-first heap   total 119808K, used 111580K [0x0000000080000000, 0x0000000100000000)
  region size 1024K, 42 young (43008K), 5 survivors (5120K)
 Metaspace       used 79143K, committed 81024K, reserved 1179648K
  class space    used 11255K, committed 12160K, reserved 1048576K
}
Event: 21.398 GC heap after
{Heap after GC invocations=25 (full 0):
 garbage-first heap   total 147456K, used 79109K [0x0000000080000000, 0x0000000100000000)
  region size 1024K, 6 young (6144K), 6 survivors (6144K)
 Metaspace       used 79143K, committed 81024K, reserved 1179648K
  class space    used 11255K, committed 12160K, reserved 1048576K
}
Event: 22.092 GC heap before
{Heap before GC invocations=26 (full 0):
 garbage-first heap   total 147456K, used 133381K [0x0000000080000000, 0x0000000100000000)
  region size 1024K, 59 young (60416K), 6 survivors (6144K)
 Metaspace       used 79676K, committed 81536K, reserved 1179648K
  class space    used 11284K, committed 12160K, reserved 1048576K
}
Event: 22.104 GC heap after
{Heap after GC invocations=27 (full 0):
 garbage-first heap   total 147456K, used 81691K [0x0000000080000000, 0x0000000100000000)
  region size 1024K, 3 young (3072K), 3 survivors (3072K)
 Metaspace       used 79676K, committed 81536K, reserved 1179648K
  class space    used 11284K, committed 12160K, reserved 1048576K
}
Event: 22.462 GC heap before
{Heap before GC invocations=27 (full 0):
 garbage-first heap   total 147456K, used 133915K [0x0000000080000000, 0x0000000100000000)
  region size 1024K, 55 young (56320K), 3 survivors (3072K)
 Metaspace       used 79891K, committed 81728K, reserved 1179648K
  class space    used 11284K, committed 12160K, reserved 1048576K
}
Event: 22.467 GC heap after
{Heap after GC invocations=28 (full 0):
 garbage-first heap   total 147456K, used 82946K [0x0000000080000000, 0x0000000100000000)
  region size 1024K, 4 young (4096K), 4 survivors (4096K)
 Metaspace       used 79891K, committed 81728K, reserved 1179648K
  class space    used 11284K, committed 12160K, reserved 1048576K
}
Event: 22.695 GC heap before
{Heap before GC invocations=28 (full 0):
 garbage-first heap   total 147456K, used 136194K [0x0000000080000000, 0x0000000100000000)
  region size 1024K, 56 young (57344K), 4 survivors (4096K)
 Metaspace       used 79973K, committed 81792K, reserved 1179648K
  class space    used 11284K, committed 12160K, reserved 1048576K
}
Event: 22.700 GC heap after
{Heap after GC invocations=29 (full 0):
 garbage-first heap   total 147456K, used 83314K [0x0000000080000000, 0x0000000100000000)
  region size 1024K, 4 young (4096K), 4 survivors (4096K)
 Metaspace       used 79973K, committed 81792K, reserved 1179648K
  class space    used 11284K, committed 12160K, reserved 1048576K
}
Event: 23.045 GC heap before
{Heap before GC invocations=30 (full 0):
 garbage-first heap   total 147456K, used 138610K [0x0000000080000000, 0x0000000100000000)
  region size 1024K, 58 young (59392K), 4 survivors (4096K)
 Metaspace       used 79979K, committed 81856K, reserved 1179648K
  class space    used 11284K, committed 12160K, reserved 1048576K
}
Event: 23.051 GC heap after
{Heap after GC invocations=31 (full 0):
 garbage-first heap   total 147456K, used 84067K [0x0000000080000000, 0x0000000100000000)
  region size 1024K, 5 young (5120K), 5 survivors (5120K)
 Metaspace       used 79979K, committed 81856K, reserved 1179648K
  class space    used 11284K, committed 12160K, reserved 1048576K
}
Event: 23.209 GC heap before
{Heap before GC invocations=31 (full 0):
 garbage-first heap   total 147456K, used 138339K [0x0000000080000000, 0x0000000100000000)
  region size 1024K, 58 young (59392K), 5 survivors (5120K)
 Metaspace       used 79989K, committed 81856K, reserved 1179648K
  class space    used 11284K, committed 12160K, reserved 1048576K
}
Event: 23.216 GC heap after
{Heap after GC invocations=32 (full 0):
 garbage-first heap   total 147456K, used 84118K [0x0000000080000000, 0x0000000100000000)
  region size 1024K, 3 young (3072K), 3 survivors (3072K)
 Metaspace       used 79989K, committed 81856K, reserved 1179648K
  class space    used 11284K, committed 12160K, reserved 1048576K
}
Event: 23.373 GC heap before
{Heap before GC invocations=32 (full 0):
 garbage-first heap   total 147456K, used 137366K [0x0000000080000000, 0x0000000100000000)
  region size 1024K, 56 young (57344K), 3 survivors (3072K)
 Metaspace       used 79989K, committed 81856K, reserved 1179648K
  class space    used 11284K, committed 12160K, reserved 1048576K
}

Dll operation events (3 events):
Event: 0.676 Loaded shared library C:\Program Files\Android\Android Studio\jbr\bin\java.dll
Event: 0.698 Loaded shared library C:\Program Files\Android\Android Studio\jbr\bin\zip.dll
Event: 5.648 Loaded shared library C:\Program Files\Android\Android Studio\jbr\bin\verify.dll

Deoptimization events (20 events):
Event: 22.721 Thread 0x0000014db8ae7a90 DEOPT PACKING pc=0x0000014da3020834 sp=0x00000013348fd890
Event: 22.721 Thread 0x0000014db8ae7a90 DEOPT UNPACKING pc=0x0000014da28343a2 sp=0x00000013348fd7f8 mode 2
Event: 22.722 Thread 0x0000014db8ae7a90 Uncommon trap: trap_request=0xffffffde fr.pc=0x0000014da3020834 relative=0x00000000000002f4
Event: 22.722 Thread 0x0000014db8ae7a90 Uncommon trap: reason=class_check action=maybe_recompile pc=0x0000014da3020834 method=java.util.concurrent.ConcurrentHashMap.get(Ljava/lang/Object;)Ljava/lang/Object; @ 93 c2
Event: 22.722 Thread 0x0000014db8ae7a90 DEOPT PACKING pc=0x0000014da3020834 sp=0x00000013348fd890
Event: 22.722 Thread 0x0000014db8ae7a90 DEOPT UNPACKING pc=0x0000014da28343a2 sp=0x00000013348fd7f8 mode 2
Event: 22.726 Thread 0x0000014db8ae6050 DEOPT PACKING pc=0x0000014d9be39f21 sp=0x00000013346fd8f0
Event: 22.726 Thread 0x0000014db8ae6050 DEOPT UNPACKING pc=0x0000014da2834b42 sp=0x00000013346fce00 mode 0
Event: 22.726 Thread 0x0000014db5661650 Uncommon trap: trap_request=0xffffffde fr.pc=0x0000014da3020834 relative=0x00000000000002f4
Event: 22.726 Thread 0x0000014db5661650 Uncommon trap: reason=class_check action=maybe_recompile pc=0x0000014da3020834 method=java.util.concurrent.ConcurrentHashMap.get(Ljava/lang/Object;)Ljava/lang/Object; @ 93 c2
Event: 22.726 Thread 0x0000014db5661650 DEOPT PACKING pc=0x0000014da3020834 sp=0x00000013322f55e0
Event: 22.726 Thread 0x0000014db5661650 DEOPT UNPACKING pc=0x0000014da28343a2 sp=0x00000013322f5548 mode 2
Event: 23.098 Thread 0x0000014db5661650 DEOPT PACKING pc=0x0000014d9b74c89a sp=0x00000013322f4290
Event: 23.098 Thread 0x0000014db5661650 DEOPT UNPACKING pc=0x0000014da2834b42 sp=0x00000013322f3750 mode 0
Event: 23.235 Thread 0x0000014db8ae87b0 DEOPT PACKING pc=0x0000014d9c0431b2 sp=0x00000013347fcf20
Event: 23.235 Thread 0x0000014db8ae87b0 DEOPT UNPACKING pc=0x0000014da2834b42 sp=0x00000013347fc3e0 mode 0
Event: 23.293 Thread 0x0000014db8ae6050 DEOPT PACKING pc=0x0000014d9c0431b2 sp=0x00000013346fc9f0
Event: 23.293 Thread 0x0000014db8ae6050 DEOPT UNPACKING pc=0x0000014da2834b42 sp=0x00000013346fbeb0 mode 0
Event: 23.342 Thread 0x0000014db8ae87b0 DEOPT PACKING pc=0x0000014d9c0431b2 sp=0x00000013347fcf20
Event: 23.342 Thread 0x0000014db8ae87b0 DEOPT UNPACKING pc=0x0000014da2834b42 sp=0x00000013347fc3e0 mode 0

Classes loaded (20 events):
Event: 20.745 Loading class sun/security/ssl/PreSharedKeyExtension$CHPreSharedKeySpec
Event: 20.745 Loading class sun/security/ssl/PreSharedKeyExtension$CHPreSharedKeySpec done
Event: 20.745 Loading class sun/security/ssl/PreSharedKeyExtension$PartialClientHelloMessage
Event: 20.745 Loading class sun/security/ssl/PreSharedKeyExtension$PartialClientHelloMessage done
Event: 20.745 Loading class sun/security/ssl/SSLEngineOutputRecord
Event: 20.745 Loading class sun/security/ssl/SSLEngineOutputRecord done
Event: 20.745 Loading class sun/security/ssl/SSLEngineOutputRecord$HandshakeFragment
Event: 20.746 Loading class sun/security/ssl/SSLEngineOutputRecord$HandshakeFragment done
Event: 20.746 Loading class sun/security/ssl/SSLEngineOutputRecord$HandshakeMemo
Event: 20.746 Loading class sun/security/ssl/SSLEngineOutputRecord$RecordMemo
Event: 20.746 Loading class sun/security/ssl/SSLEngineOutputRecord$RecordMemo done
Event: 20.746 Loading class sun/security/ssl/SSLEngineOutputRecord$HandshakeMemo done
Event: 21.400 Loading class sun/security/ssl/Alert
Event: 21.400 Loading class sun/security/ssl/Alert done
Event: 21.400 Loading class sun/security/ssl/Alert$AlertConsumer
Event: 21.401 Loading class sun/security/ssl/Alert$AlertConsumer done
Event: 21.401 Loading class sun/security/ssl/Alert$Level
Event: 21.401 Loading class sun/security/ssl/Alert$Level done
Event: 21.554 Loading class java/util/LinkedList$LLSpliterator
Event: 21.554 Loading class java/util/LinkedList$LLSpliterator done

Classes unloaded (0 events):
No events

Classes redefined (0 events):
No events

Internal exceptions (20 events):
Event: 23.321 Thread 0x0000014db8ae6050 Exception <a 'sun/nio/fs/WindowsException'{0x0000000086167f28}> (0x0000000086167f28) 
thrown [s\src\hotspot\share\prims\jni.cpp, line 537]
Event: 23.326 Thread 0x0000014db8ae87b0 Exception <a 'sun/nio/fs/WindowsException'{0x00000000860cb510}> (0x00000000860cb510) 
thrown [s\src\hotspot\share\prims\jni.cpp, line 537]
Event: 23.326 Thread 0x0000014db8ae7a90 Exception <a 'sun/nio/fs/WindowsException'{0x0000000085f143e0}> (0x0000000085f143e0) 
thrown [s\src\hotspot\share\prims\jni.cpp, line 537]
Event: 23.331 Thread 0x0000014db5661650 Exception <a 'sun/nio/fs/WindowsException'{0x0000000085ff9568}> (0x0000000085ff9568) 
thrown [s\src\hotspot\share\prims\jni.cpp, line 537]
Event: 23.332 Thread 0x0000014db8ae7a90 Exception <a 'sun/nio/fs/WindowsException'{0x0000000085ee6658}> (0x0000000085ee6658) 
thrown [s\src\hotspot\share\prims\jni.cpp, line 537]
Event: 23.334 Thread 0x0000014db8ae87b0 Exception <a 'sun/nio/fs/WindowsException'{0x0000000085dc8618}> (0x0000000085dc8618) 
thrown [s\src\hotspot\share\prims\jni.cpp, line 537]
Event: 23.338 Thread 0x0000014db5661650 Exception <a 'sun/nio/fs/WindowsException'{0x0000000085b5a8b0}> (0x0000000085b5a8b0) 
thrown [s\src\hotspot\share\prims\jni.cpp, line 537]
Event: 23.340 Thread 0x0000014db8ae7a90 Exception <a 'sun/nio/fs/WindowsException'{0x0000000085be1088}> (0x0000000085be1088) 
thrown [s\src\hotspot\share\prims\jni.cpp, line 537]
Event: 23.342 Thread 0x0000014db8ae87b0 Exception <a 'sun/nio/fs/WindowsException'{0x0000000085a9f690}> (0x0000000085a9f690) 
thrown [s\src\hotspot\share\prims\jni.cpp, line 537]
Event: 23.347 Thread 0x0000014db8ae7a90 Exception <a 'sun/nio/fs/WindowsException'{0x0000000085838a98}> (0x0000000085838a98) 
thrown [s\src\hotspot\share\prims\jni.cpp, line 537]
Event: 23.349 Thread 0x0000014db8ae6050 Exception <a 'sun/nio/fs/WindowsException'{0x0000000085739088}> (0x0000000085739088) 
thrown [s\src\hotspot\share\prims\jni.cpp, line 537]
Event: 23.351 Thread 0x0000014db5661650 Exception <a 'sun/nio/fs/WindowsException'{0x00000000858647e8}> (0x00000000858647e8) 
thrown [s\src\hotspot\share\prims\jni.cpp, line 537]
Event: 23.353 Thread 0x0000014db8ae87b0 Exception <a 'sun/nio/fs/WindowsException'{0x00000000856577c8}> (0x00000000856577c8) 
thrown [s\src\hotspot\share\prims\jni.cpp, line 537]
Event: 23.356 Thread 0x0000014db8ae6050 Exception <a 'sun/nio/fs/WindowsException'{0x0000000085551420}> (0x0000000085551420) 
thrown [s\src\hotspot\share\prims\jni.cpp, line 537]
Event: 23.359 Thread 0x0000014db8ae7a90 Exception <a 'sun/nio/fs/WindowsException'{0x00000000854662f8}> (0x00000000854662f8) 
thrown [s\src\hotspot\share\prims\jni.cpp, line 537]
Event: 23.360 Thread 0x0000014db5661650 Exception <a 'sun/nio/fs/WindowsException'{0x00000000854513e8}> (0x00000000854513e8) 
thrown [s\src\hotspot\share\prims\jni.cpp, line 537]
Event: 23.362 Thread 0x0000014db8ae87b0 Exception <a 'sun/nio/fs/WindowsException'{0x0000000085323c10}> (0x0000000085323c10) 
thrown [s\src\hotspot\share\prims\jni.cpp, line 537]
Event: 23.367 Thread 0x0000014db8ae6050 Exception <a 'sun/nio/fs/WindowsException'{0x0000000085266360}> (0x0000000085266360) 
thrown [s\src\hotspot\share\prims\jni.cpp, line 537]
Event: 23.368 Thread 0x0000014db5661650 Exception <a 'sun/nio/fs/WindowsException'{0x0000000085162988}> (0x0000000085162988) 
thrown [s\src\hotspot\share\prims\jni.cpp, line 537]
Event: 23.369 Thread 0x0000014db8ae7a90 Exception <a 'sun/nio/fs/WindowsException'{0x00000000851d9b50}> (0x00000000851d9b50) 
thrown [s\src\hotspot\share\prims\jni.cpp, line 537]

ZGC Phase Switch (0 events):
No events

VM Operations (20 events):
Event: 21.481 Executing VM operation: G1PauseRemark done
Event: 21.504 Executing VM operation: G1PauseCleanup
Event: 21.504 Executing VM operation: G1PauseCleanup done
Event: 21.700 Executing VM operation: ICBufferFull
Event: 21.700 Executing VM operation: ICBufferFull done
Event: 22.092 Executing VM operation: G1CollectForAllocation (G1 Evacuation Pause)
Event: 22.104 Executing VM operation: G1CollectForAllocation (G1 Evacuation Pause) done
Event: 22.462 Executing VM operation: G1CollectForAllocation (G1 Evacuation Pause)
Event: 22.467 Executing VM operation: G1CollectForAllocation (G1 Evacuation Pause) done
Event: 22.695 Executing VM operation: G1CollectForAllocation (G1 Evacuation Pause)
Event: 22.700 Executing VM operation: G1CollectForAllocation (G1 Evacuation Pause) done
Event: 22.818 Executing VM operation: G1PauseRemark
Event: 22.824 Executing VM operation: G1PauseRemark done
Event: 22.866 Executing VM operation: G1PauseCleanup
Event: 22.866 Executing VM operation: G1PauseCleanup done
Event: 23.045 Executing VM operation: G1CollectForAllocation (G1 Evacuation Pause)
Event: 23.051 Executing VM operation: G1CollectForAllocation (G1 Evacuation Pause) done
Event: 23.209 Executing VM operation: G1CollectForAllocation (G1 Evacuation Pause)
Event: 23.216 Executing VM operation: G1CollectForAllocation (G1 Evacuation Pause) done
Event: 23.373 Executing VM operation: G1CollectForAllocation (G1 Evacuation Pause)

Memory protections (0 events):
No events

Nmethod flushes (20 events):
Event: 22.823 Thread 0x0000014daefc0090 flushing  nmethod 0x0000014d9be56a10
Event: 22.823 Thread 0x0000014daefc0090 flushing  nmethod 0x0000014d9be57690
Event: 22.823 Thread 0x0000014daefc0090 flushing  nmethod 0x0000014d9be57b90
Event: 22.823 Thread 0x0000014daefc0090 flushing  nmethod 0x0000014d9be58090
Event: 22.823 Thread 0x0000014daefc0090 flushing  nmethod 0x0000014d9be58710
Event: 22.823 Thread 0x0000014daefc0090 flushing  nmethod 0x0000014d9be59690
Event: 22.823 Thread 0x0000014daefc0090 flushing  nmethod 0x0000014d9be76710
Event: 22.823 Thread 0x0000014daefc0090 flushing  nmethod 0x0000014d9be77210
Event: 22.823 Thread 0x0000014daefc0090 flushing  nmethod 0x0000014d9be77a10
Event: 22.823 Thread 0x0000014daefc0090 flushing  nmethod 0x0000014d9be77d10
Event: 22.823 Thread 0x0000014daefc0090 flushing  nmethod 0x0000014d9be78310
Event: 22.823 Thread 0x0000014daefc0090 flushing  nmethod 0x0000014d9be79110
Event: 22.823 Thread 0x0000014daefc0090 flushing  nmethod 0x0000014d9beada90
Event: 22.823 Thread 0x0000014daefc0090 flushing  nmethod 0x0000014d9beae990
Event: 22.823 Thread 0x0000014daefc0090 flushing  nmethod 0x0000014d9beaef10
Event: 22.823 Thread 0x0000014daefc0090 flushing  nmethod 0x0000014d9beafa10
Event: 22.823 Thread 0x0000014daefc0090 flushing  nmethod 0x0000014d9beb1f90
Event: 22.823 Thread 0x0000014daefc0090 flushing  nmethod 0x0000014d9bed9c10
Event: 22.823 Thread 0x0000014daefc0090 flushing  nmethod 0x0000014d9beda090
Event: 22.823 Thread 0x0000014daefc0090 flushing  nmethod 0x0000014d9bedca90

Events (20 events):
Event: 16.548 Thread 0x0000014db5661650 Thread added: 0x0000014db7300e40
Event: 16.549 Thread 0x0000014db5661650 Thread added: 0x0000014db7305670
Event: 16.600 Thread 0x0000014db5661650 Thread added: 0x0000014db72fed70
Event: 16.601 Thread 0x0000014db5661650 Thread added: 0x0000014db7305d00
Event: 16.868 Thread 0x0000014db5661650 Thread added: 0x0000014db72ffa90
Event: 16.869 Thread 0x0000014db5661650 Thread added: 0x0000014db7303c30
Event: 16.869 Thread 0x0000014db5661650 Thread added: 0x0000014db7306390
Event: 16.950 Thread 0x0000014db5661650 Thread added: 0x0000014db73014d0
Event: 16.950 Thread 0x0000014db5661650 Thread added: 0x0000014db7301b60
Event: 16.951 Thread 0x0000014db5661650 Thread added: 0x0000014db7300120
Event: 17.379 Thread 0x0000014db5cc7ee0 Thread exited: 0x0000014db5cc7ee0
Event: 21.578 Thread 0x0000014db5661650 Thread added: 0x0000014db8ae9b60
Event: 21.578 Thread 0x0000014db5661650 Thread added: 0x0000014db8ae59c0
Event: 21.578 Thread 0x0000014db5661650 Thread added: 0x0000014db8aeb5a0
Event: 21.637 Thread 0x0000014db5661650 Thread added: 0x0000014db8aec2c0
Event: 21.639 Thread 0x0000014db5661650 Thread added: 0x0000014db8ae6d70
Event: 21.640 Thread 0x0000014db5661650 Thread added: 0x0000014db8aecfe0
Event: 22.115 Thread 0x0000014db5661650 Thread added: 0x0000014db8ae6050
Event: 22.117 Thread 0x0000014db5661650 Thread added: 0x0000014db8ae87b0
Event: 22.117 Thread 0x0000014db5661650 Thread added: 0x0000014db8ae7a90


Dynamic libraries:
0x00007ff7aac50000 - 0x00007ff7aac5a000 	C:\Program Files\Android\Android Studio\jbr\bin\java.exe
0x00007ff8f1c50000 - 0x00007ff8f1e48000 	C:\Windows\SYSTEM32\ntdll.dll
0x00007ff8f1620000 - 0x00007ff8f16e2000 	C:\Windows\System32\KERNEL32.DLL
0x00007ff8ef5f0000 - 0x00007ff8ef8e6000 	C:\Windows\System32\KERNELBASE.dll
0x00007ff8ef370000 - 0x00007ff8ef470000 	C:\Windows\System32\ucrtbase.dll
0x00007ff8c7700000 - 0x00007ff8c7718000 	C:\Program Files\Android\Android Studio\jbr\bin\jli.dll
0x00007ff8efeb0000 - 0x00007ff8f0051000 	C:\Windows\System32\USER32.dll
0x00007ff8ef8f0000 - 0x00007ff8ef912000 	C:\Windows\System32\win32u.dll
0x00007ff8efe30000 - 0x00007ff8efe5b000 	C:\Windows\System32\GDI32.dll
0x00007ff8efb50000 - 0x00007ff8efc69000 	C:\Windows\System32\gdi32full.dll
0x00007ff8ef920000 - 0x00007ff8ef9bd000 	C:\Windows\System32\msvcp_win.dll
0x00007ff8de460000 - 0x00007ff8de47b000 	C:\Program Files\Android\Android Studio\jbr\bin\VCRUNTIME140.dll
0x00007ff8dbbd0000 - 0x00007ff8dbe6b000 	C:\Windows\WinSxS\amd64_microsoft.windows.common-controls_6595b64144ccf1df_6.0.19041.6456_none_60b8a6cb71f64256\COMCTL32.dll
0x00007ff8f08c0000 - 0x00007ff8f095e000 	C:\Windows\System32\msvcrt.dll
0x00007ff8efe80000 - 0x00007ff8efeaf000 	C:\Windows\System32\IMM32.DLL
0x00007ff8eb710000 - 0x00007ff8eb71c000 	C:\Program Files\Android\Android Studio\jbr\bin\vcruntime140_1.dll
0x00007ff8b5e80000 - 0x00007ff8b5f0d000 	C:\Program Files\Android\Android Studio\jbr\bin\msvcp140.dll
0x00007ff8a1220000 - 0x00007ff8a1eb6000 	C:\Program Files\Android\Android Studio\jbr\bin\server\jvm.dll
0x00007ff8f1560000 - 0x00007ff8f1611000 	C:\Windows\System32\ADVAPI32.dll
0x00007ff8efc70000 - 0x00007ff8efd0f000 	C:\Windows\System32\sechost.dll
0x00007ff8f06b0000 - 0x00007ff8f07d0000 	C:\Windows\System32\RPCRT4.dll
0x00007ff8ef9c0000 - 0x00007ff8ef9e7000 	C:\Windows\System32\bcrypt.dll
0x00007ff8f0960000 - 0x00007ff8f09cb000 	C:\Windows\System32\WS2_32.dll
0x00007ff8ef140000 - 0x00007ff8ef18b000 	C:\Windows\SYSTEM32\POWRPROF.dll
0x00007ff8dbe90000 - 0x00007ff8dbeb7000 	C:\Windows\SYSTEM32\WINMM.dll
0x00007ff8e8460000 - 0x00007ff8e846a000 	C:\Windows\SYSTEM32\VERSION.dll
0x00007ff8ef120000 - 0x00007ff8ef132000 	C:\Windows\SYSTEM32\UMPDC.dll
0x00007ff8edab0000 - 0x00007ff8edac2000 	C:\Windows\SYSTEM32\kernel.appcore.dll
0x00007ff8e9b10000 - 0x00007ff8e9b1a000 	C:\Program Files\Android\Android Studio\jbr\bin\jimage.dll
0x00007ff8ecff0000 - 0x00007ff8ed1f1000 	C:\Windows\SYSTEM32\DBGHELP.DLL
0x00007ff8d4370000 - 0x00007ff8d43a4000 	C:\Windows\SYSTEM32\dbgcore.DLL
0x00007ff8ef2e0000 - 0x00007ff8ef362000 	C:\Windows\System32\bcryptPrimitives.dll
0x00007ff8d6010000 - 0x00007ff8d601e000 	C:\Program Files\Android\Android Studio\jbr\bin\instrument.dll
0x00007ff8de440000 - 0x00007ff8de460000 	C:\Program Files\Android\Android Studio\jbr\bin\java.dll
0x00007ff8ca7f0000 - 0x00007ff8ca808000 	C:\Program Files\Android\Android Studio\jbr\bin\zip.dll
0x00007ff8f0df0000 - 0x00007ff8f1560000 	C:\Windows\System32\SHELL32.dll
0x00007ff8ed2f0000 - 0x00007ff8eda95000 	C:\Windows\SYSTEM32\windows.storage.dll
0x00007ff8f02f0000 - 0x00007ff8f0644000 	C:\Windows\System32\combase.dll
0x00007ff8eeb50000 - 0x00007ff8eeb7b000 	C:\Windows\SYSTEM32\Wldp.dll
0x00007ff8f0a30000 - 0x00007ff8f0afd000 	C:\Windows\System32\OLEAUT32.dll
0x00007ff8f16f0000 - 0x00007ff8f179d000 	C:\Windows\System32\SHCORE.dll
0x00007ff8f0210000 - 0x00007ff8f026b000 	C:\Windows\System32\shlwapi.dll
0x00007ff8ef210000 - 0x00007ff8ef234000 	C:\Windows\SYSTEM32\profapi.dll
0x00007ff8e8cb0000 - 0x00007ff8e8cc0000 	C:\Program Files\Android\Android Studio\jbr\bin\net.dll
0x00007ff8e3d10000 - 0x00007ff8e3e1a000 	C:\Windows\SYSTEM32\WINHTTP.dll
0x00007ff8ee930000 - 0x00007ff8ee99a000 	C:\Windows\system32\mswsock.dll
0x00007ff8c96e0000 - 0x00007ff8c96f6000 	C:\Program Files\Android\Android Studio\jbr\bin\nio.dll
0x00007ff8d6430000 - 0x00007ff8d6440000 	C:\Program Files\Android\Android Studio\jbr\bin\verify.dll
0x00007ff8d6530000 - 0x00007ff8d6557000 	C:\Users\tarha\.gradle\native\660c5614fbf4a5f2a75b1949f50a0caf5cd603558e7d8a26e50b933a0cfb79d1\windows-amd64\native-platform.dll
0x00007ff8b4fa0000 - 0x00007ff8b5017000 	C:\Users\tarha\.gradle\native\0.2.8\x86_64-windows-gnu\gradle-fileevents.dll
0x00007ff8e0490000 - 0x00007ff8e0499000 	C:\Program Files\Android\Android Studio\jbr\bin\management.dll
0x00007ff8e0430000 - 0x00007ff8e043b000 	C:\Program Files\Android\Android Studio\jbr\bin\management_ext.dll
0x00007ff8f07d0000 - 0x00007ff8f07d8000 	C:\Windows\System32\PSAPI.DLL
0x00007ff8ee630000 - 0x00007ff8ee66b000 	C:\Windows\SYSTEM32\IPHLPAPI.DLL
0x00007ff8efe20000 - 0x00007ff8efe28000 	C:\Windows\System32\NSI.dll
0x00007ff8e7600000 - 0x00007ff8e7609000 	C:\Program Files\Android\Android Studio\jbr\bin\extnet.dll
0x00007ff8eed60000 - 0x00007ff8eed78000 	C:\Windows\SYSTEM32\CRYPTSP.dll
0x00007ff8ee270000 - 0x00007ff8ee2a8000 	C:\Windows\system32\rsaenh.dll
0x00007ff8ef190000 - 0x00007ff8ef1be000 	C:\Windows\SYSTEM32\USERENV.dll
0x00007ff8eeac0000 - 0x00007ff8eeacc000 	C:\Windows\SYSTEM32\CRYPTBASE.dll
0x00007ff8e79f0000 - 0x00007ff8e79f7000 	C:\Windows\system32\wshunix.dll

JVMTI agents:
C:\Users\tarha\.gradle\wrapper\dists\gradle-9.3.1-bin\23ovyewtku6u96viwx3xl3oks\gradle-9.3.1\lib\agents\gradle-instrumentation-agent-9.3.1.jar path:C:\Program Files\Android\Android Studio\jbr\bin\instrument.dll, loaded, initialized, instrumentlib options:none

dbghelp: loaded successfully - version: 4.0.5 - missing functions: none
symbol engine: initialized successfully - sym options: 0x614 - pdb path: .;C:\Program Files\Android\Android Studio\jbr\bin;C:\Windows\SYSTEM32;C:\Windows\WinSxS\amd64_microsoft.windows.common-controls_6595b64144ccf1df_6.0.19041.6456_none_60b8a6cb71f64256;C:\Program Files\Android\Android Studio\jbr\bin\server;C:\Users\tarha\.gradle\native\660c5614fbf4a5f2a75b1949f50a0caf5cd603558e7d8a26e50b933a0cfb79d1\windows-amd64;C:\Users\tarha\.gradle\native\0.2.8\x86_64-windows-gnu

VM Arguments:
jvm_args: --add-opens=java.base/java.lang=ALL-UNNAMED --add-opens=java.base/java.lang.invoke=ALL-UNNAMED --add-opens=java.base/java.util=ALL-UNNAMED --add-opens=java.prefs/java.util.prefs=ALL-UNNAMED --add-exports=jdk.compiler/com.sun.tools.javac.api=ALL-UNNAMED --add-exports=jdk.compiler/com.sun.tools.javac.util=ALL-UNNAMED --add-opens=java.base/java.util=ALL-UNNAMED --add-opens=java.prefs/java.util.prefs=ALL-UNNAMED --add-opens=java.base/java.nio.charset=ALL-UNNAMED --add-opens=java.base/java.net=ALL-UNNAMED --add-opens=java.base/java.util.concurrent=ALL-UNNAMED --add-opens=java.base/java.util.concurrent.atomic=ALL-UNNAMED --add-opens=java.xml/javax.xml.namespace=ALL-UNNAMED --add-opens=java.base/java.time=ALL-UNNAMED -Xmx2048m -Dfile.encoding=UTF-8 -Duser.country=RU -Duser.language=ru -Duser.variant -javaagent:C:\Users\tarha\.gradle\wrapper\dists\gradle-9.3.1-bin\23ovyewtku6u96viwx3xl3oks\gradle-9.3.1\lib\agents\gradle-instrumentation-agent-9.3.1.jar 
java_command: org.gradle.launcher.daemon.bootstrap.GradleDaemon 9.3.1
java_class_path (initial): C:\Users\tarha\.gradle\wrapper\dists\gradle-9.3.1-bin\23ovyewtku6u96viwx3xl3oks\gradle-9.3.1\lib\gradle-daemon-main-9.3.1.jar
Launcher Type: SUN_STANDARD

[Global flags]
     intx CICompilerCount                          = 3                                         {product} {ergonomic}
     uint ConcGCThreads                            = 1                                         {product} {ergonomic}
     uint G1ConcRefinementThreads                  = 4                                         {product} {ergonomic}
   size_t G1HeapRegionSize                         = 1048576                                   {product} {ergonomic}
    uintx GCDrainStackTargetSize                   = 64                                        {product} {ergonomic}
   size_t InitialHeapSize                          = 132120576                                 {product} {ergonomic}
   size_t MarkStackSize                            = 4194304                                   {product} {ergonomic}
   size_t MaxHeapSize                              = 2147483648                                {product} {command line}
   size_t MaxNewSize                               = 1287651328                                {product} {ergonomic}
   size_t MinHeapDeltaBytes                        = 1048576                                   {product} {ergonomic}
   size_t MinHeapSize                              = 8388608                                   {product} {ergonomic}
    uintx NonNMethodCodeHeapSize                   = 5832780                                {pd product} {ergonomic}
    uintx NonProfiledCodeHeapSize                  = 122912730                              {pd product} {ergonomic}
    uintx ProfiledCodeHeapSize                     = 122912730                              {pd product} {ergonomic}
    uintx ReservedCodeCacheSize                    = 251658240                              {pd product} {ergonomic}
     bool SegmentedCodeCache                       = true                                      {product} {ergonomic}
   size_t SoftMaxHeapSize                          = 2147483648                             {manageable} {ergonomic}
     bool UseCompressedOops                        = true                           {product lp64_product} {ergonomic}
     bool UseG1GC                                  = true                                      {product} {ergonomic}
     bool UseLargePagesIndividualAllocation        = false                                  {pd product} {ergonomic}

Logging:
Log output configuration:
 #0: stdout all=warning uptime,level,tags foldmultilines=false
 #1: stderr all=off uptime,level,tags foldmultilines=false

Release file:
JAVA_VERSION="21.0.9" 
MODULES="java.base java.compiler java.datatransfer java.xml java.prefs java.desktop java.instrument java.logging java.management java.security.sasl java.naming java.rmi java.management.rmi java.net.http java.scripting java.security.jgss java.transaction.xa java.sql java.sql.rowset java.xml.crypto java.se java.smartcardio jdk.accessibility jdk.internal.jvmstat jdk.attach jdk.charsets jdk.internal.opt jdk.zipfs jdk.compiler jdk.crypto.ec jdk.crypto.cryptoki jdk.dynalink jdk.hotspot.agent jdk.httpserver jdk.internal.ed jdk.internal.le jdk.internal.vm.ci jdk.jartool jdk.javadoc jdk.jcmd jdk.jdeps jdk.jdwp.agent jdk.jdi jdk.jfr jdk.jlink jdk.jsobject jdk.localedata jdk.management jdk.management.agent jdk.management.jfr jdk.naming.dns jdk.naming.rmi jdk.net jdk.sctp jdk.security.auth jdk.security.jgss jdk.unsupported jdk.unsupported.desktop jdk.xml.dom" 
IMPLEMENTOR="JetBrains s.r.o." 
JAVA_RUNTIME_VERSION="21.0.9+-14787801-b1163.94" 
LIBC="default" 
OS_ARCH="x86_64" 
OS_NAME="Windows" 
SOURCE=".:git:0c757ddc9f2f" 

Environment Variables:
PATH=C:\Program Files\Common Files\Oracle\Java\javapath;C:\Program Files (x86)\Common Files\Intel\Shared Libraries\redist\intel64\compiler;C:\Windows\system32;C:\Windows;C:\Windows\System32\Wbem;C:\Windows\System32\WindowsPowerShell\v1.0\;C:\Windows\System32\OpenSSH\;C:\Program Files\Git\cmd;C:\php;C:\Users\tarha\AppData\Local\Programs\Python\Launcher\;C:\Users\tarha\AppData\Local\Microsoft\WindowsApps;C:\Users\tarha\AppData\Local\Programs\Microsoft VS Code\bin;C:\Users\tarha\AppData\Local\GitHubDesktop\bin;C:\Users\tarha\AppData\Local\JetBrains\Toolbox\scripts
USERNAME=tarha
OS=Windows_NT
PROCESSOR_IDENTIFIER=Intel64 Family 6 Model 142 Stepping 12, GenuineIntel
TMP=C:\Users\tarha\AppData\Local\Temp
TEMP=C:\Users\tarha\AppData\Local\Temp




Periodic native trim disabled

JNI global refs:
JNI global refs: 27, weak refs: 1

JNI global refs memory usage: 835, weak refs: 833

Process memory usage:
Resident Set Size: 359652K (4% of 8218928K total physical memory with 336164K free physical memory)

OOME stack traces (most recent first):
Classloader memory used:
Loader org.gradle.internal.classloader.VisitableURLClassLoader                         : 38523K
Loader bootstrap                                                                       : 27558K
Loader org.gradle.initialization.MixInLegacyTypesClassLoader                           : 11084K
Loader org.gradle.internal.classloader.VisitableURLClassLoader                         : 1072K
Loader org.gradle.internal.classloader.VisitableURLClassLoader$InstrumentingVisitableURLClassLoader: 696K
Loader jdk.internal.loader.ClassLoaders$PlatformClassLoader                            : 451K
Loader jdk.internal.reflect.DelegatingClassLoader                                      : 283K
Loader jdk.internal.loader.ClassLoaders$AppClassLoader                                 : 229K
Loader org.gradle.groovy.scripts.internal.DefaultScriptCompilationHandler$ScriptClassLoader: 93048B

Classes loaded by more than one classloader:
Class org.gradle.internal.IoActions                                                   : loaded 3 times (x 71B)
Class org.gradle.api.Action                                                           : loaded 3 times (x 70B)
Class org.gradle.internal.Cast                                                        : loaded 3 times (x 71B)
Class org.gradle.api.GradleException                                                  : loaded 3 times (x 82B)
Class Program                                                                         : loaded 3 times (x 72B)
Class org.gradle.internal.operations.MultipleBuildOperationFailures                   : loaded 2 times (x 95B)
Class org.gradle.internal.classloader.DefaultClassLoaderFactory                       : loaded 2 times (x 82B)
Class kotlin.collections.AbstractList$Companion                                       : loaded 2 times (x 71B)
Class org.gradle.internal.classloader.ClassLoaderVisitor                              : loaded 2 times (x 76B)
Class org.gradle.api.internal.classpath.EffectiveClassPath                            : loaded 2 times (x 90B)
Class org.gradle.tooling.internal.gradle.DefaultProjectIdentifier                     : loaded 2 times (x 86B)
Class org.gradle.api.internal.DefaultClassPathProvider                                : loaded 2 times (x 76B)
Class [Lorg.gradle.api.internal.ClassPathProvider;                                    : loaded 2 times (x 69B)
Class org.gradle.api.internal.ClassPathProvider                                       : loaded 2 times (x 70B)
Class org.gradle.internal.service.UnknownServiceException                             : loaded 2 times (x 83B)
Class org.gradle.internal.classpath.TransformedClassPath                              : loaded 2 times (x 96B)
Class org.gradle.internal.classloader.InstrumentingClassLoader                        : loaded 2 times (x 70B)
Class com.google.common.collect.Iterators$ArrayItr                                    : loaded 2 times (x 97B)
Class kotlin.enums.EnumEntriesList                                                    : loaded 2 times (x 223B)
Class com.google.common.collect.UnmodifiableIterator                                  : loaded 2 times (x 80B)
Class org.gradle.internal.service.ServiceLocator                                      : loaded 2 times (x 70B)
Class com.intellij.gradle.toolingExtension.util.GradleVersionUtil                     : loaded 2 times (x 71B)
Class com.google.common.collect.Iterators$SingletonIterator                           : loaded 2 times (x 81B)
Class org.gradle.tooling.model.UnsupportedMethodException                             : loaded 2 times (x 82B)
Class com.google.common.collect.Iterators                                             : loaded 2 times (x 71B)
Class com.google.common.collect.Lists$StringAsImmutableList                           : loaded 2 times (x 207B)
Class org.gradle.internal.time.DefaultTimer                                           : loaded 2 times (x 80B)
Class org.gradle.internal.classloader.ClasspathUtil$1                                 : loaded 2 times (x 76B)
Class org.gradle.api.internal.classpath.DefaultModuleRegistry$DefaultModule           : loaded 2 times (x 86B)
Class com.google.common.collect.AbstractIterator                                      : loaded 2 times (x 82B)
Class com.google.common.collect.AbstractIndexedListIterator                           : loaded 2 times (x 96B)
Class org.gradle.internal.time.DefaultCountdownTimer                                  : loaded 2 times (x 88B)
Class org.gradle.tooling.internal.gradle.DefaultBuildIdentifier                       : loaded 2 times (x 79B)
Class org.gradle.api.internal.classpath.Module                                        : loaded 2 times (x 70B)
Class org.gradle.api.internal.classpath.UnknownModuleException                        : loaded 2 times (x 82B)
Class org.gradle.tooling.internal.gradle.GradleProjectIdentity                        : loaded 2 times (x 70B)
Class org.gradle.api.internal.DefaultClassPathRegistry                                : loaded 2 times (x 76B)
Class org.gradle.api.internal.ClassPathRegistry                                       : loaded 2 times (x 70B)
Class org.gradle.internal.classpath.DefaultClassPath$ImmutableUniqueList              : loaded 2 times (x 199B)
Class com.google.common.collect.UnmodifiableListIterator                              : loaded 2 times (x 95B)
Class Settings_gradle$1                                                               : loaded 2 times (x 74B)
Class org.gradle.internal.classpath.ClassPath                                         : loaded 2 times (x 70B)
Class org.gradle.api.internal.classpath.ManifestUtil                                  : loaded 2 times (x 71B)
Class org.gradle.tooling.model.Model                                                  : loaded 2 times (x 70B)
Class kotlin.UninitializedPropertyAccessException                                     : loaded 2 times (x 82B)
Class com.google.common.collect.Iterators$4                                           : loaded 2 times (x 82B)
Class org.gradle.api.internal.classpath.ModuleRegistry                                : loaded 2 times (x 70B)
Class org.gradle.internal.installation.GradleInstallation$1                           : loaded 2 times (x 75B)
Class com.google.common.collect.Iterators$5                                           : loaded 2 times (x 82B)
Class com.google.common.collect.ImmutableCollection                                   : loaded 2 times (x 125B)
Class ijInit1_3jvw1m208ayytwrxi5xvrozt$_run_closure1                                  : loaded 2 times (x 140B)
Class org.gradle.api.internal.classpath.DefaultModuleRegistry                         : loaded 2 times (x 86B)
Class com.google.common.collect.Lists                                                 : loaded 2 times (x 71B)
Class com.google.common.collect.Iterators$9                                           : loaded 2 times (x 81B)
Class ijInit1_3jvw1m208ayytwrxi5xvrozt                                                : loaded 2 times (x 171B)
Class org.gradle.internal.time.MonotonicClock                                         : loaded 2 times (x 77B)
Class org.gradle.internal.service.ServiceLookupException                              : loaded 2 times (x 82B)
Class org.gradle.internal.classloader.ClassLoaderFactory                              : loaded 2 times (x 70B)
Class org.gradle.internal.service.CachingServiceLocator                               : loaded 2 times (x 82B)
Class org.gradle.internal.time.TimeSource                                             : loaded 2 times (x 70B)
Class org.gradle.tooling.internal.gradle.GradleBuildIdentity                          : loaded 2 times (x 70B)
Class kotlin.enums.EnumEntries                                                        : loaded 2 times (x 70B)
Class org.gradle.internal.exceptions.ResolutionProvider                               : loaded 2 times (x 70B)
Class org.gradle.tooling.model.ProjectIdentifier                                      : loaded 2 times (x 70B)
Class org.gradle.internal.classloader.ClasspathUtil                                   : loaded 2 times (x 71B)
Class org.gradle.internal.time.TimeSource$1                                           : loaded 2 times (x 77B)
Class kotlin.jvm.internal.DefaultConstructorMarker                                    : loaded 2 times (x 71B)
Class org.gradle.api.specs.Spec                                                       : loaded 2 times (x 70B)
Class com.intellij.gradle.toolingExtension.impl.model.utilDummyModel.DummyModel       : loaded 2 times (x 70B)
Class org.gradle.internal.time.Clock                                                  : loaded 2 times (x 70B)
Class kotlin.collections.AbstractList                                                 : loaded 2 times (x 197B)
Class kotlin.collections.AbstractCollection                                           : loaded 2 times (x 117B)
Class org.gradle.internal.classloader.VisitableURLClassLoader$InstrumentingVisitableURLClassLoader: loaded 2 times (x 123B)
Class org.gradle.internal.classloader.VisitableURLClassLoader$Spec                    : loaded 2 times (x 74B)
Class org.gradle.internal.classpath.DefaultClassPath                                  : loaded 2 times (x 90B)
Class org.gradle.util.internal.DefaultGradleVersion                                   : loaded 2 times (x 82B)
Class org.gradle.internal.classloader.ClassLoaderSpec                                 : loaded 2 times (x 71B)
Class Settings_gradle$1$1                                                             : loaded 2 times (x 74B)
Class org.gradle.internal.classloader.VisitableURLClassLoader                         : loaded 2 times (x 117B)
Class Settings_gradle                                                                 : loaded 2 times (x 124B)
Class org.gradle.internal.classloader.ClassLoaderHierarchy                            : loaded 2 times (x 70B)
Class org.gradle.internal.classloader.FilteringClassLoader                            : loaded 2 times (x 105B)
Class org.gradle.internal.classpath.DefaultClassPath$ImmutableUniqueList$Builder      : loaded 2 times (x 75B)
Class com.google.common.collect.Iterators$1                                           : loaded 2 times (x 81B)
Class org.gradle.internal.exceptions.NonGradleCauseExceptionsHolder                   : loaded 2 times (x 70B)
Class kotlin.NotImplementedError                                                      : loaded 2 times (x 82B)
Class kotlin.enums.EnumEntriesKt                                                      : loaded 2 times (x 71B)
Class org.gradle.internal.classloader.SystemClassLoaderSpec                           : loaded 2 times (x 71B)
Class org.gradle.internal.exceptions.MultiCauseException                              : loaded 2 times (x 70B)
Class org.gradle.internal.time.CountdownTimer                                         : loaded 2 times (x 70B)
Class kotlin.jvm.internal.Intrinsics                                                  : loaded 2 times (x 71B)
Class org.gradle.tooling.model.ProjectModel                                           : loaded 2 times (x 70B)
Class kotlin.KotlinNullPointerException                                               : loaded 2 times (x 83B)
Class sync_studio_tooling_e2gz3enksxsmrjebn7mze4gwq$_run_closure1                     : loaded 2 times (x 139B)
Class org.gradle.internal.exceptions.DefaultMultiCauseException                       : loaded 2 times (x 95B)
Class com.google.common.base.Preconditions                                            : loaded 2 times (x 71B)
Class com.google.common.collect.PeekingIterator                                       : loaded 2 times (x 70B)
Class org.gradle.internal.time.Time                                                   : loaded 2 times (x 71B)
Class org.gradle.api.internal.classpath.GlobalCacheRootsProvider                      : loaded 2 times (x 70B)
Class org.gradle.tooling.model.BuildIdentifier                                        : loaded 2 times (x 70B)
Class kotlin.NoWhenBranchMatchedException                                             : loaded 2 times (x 82B)
Class sync_studio_tooling_e2gz3enksxsmrjebn7mze4gwq                                   : loaded 2 times (x 171B)
Class org.gradle.internal.time.Timer                                                  : loaded 2 times (x 70B)
Class kotlin.jvm.internal.markers.KMappedMarker                                       : loaded 2 times (x 70B)
Class org.gradle.internal.installation.CurrentGradleInstallationLocator               : loaded 2 times (x 71B)
Class com.google.common.collect.ImmutableList                                         : loaded 2 times (x 206B)
Class org.gradle.internal.service.DefaultServiceLocator                               : loaded 2 times (x 83B)
Class org.gradle.util.GradleVersion                                                   : loaded 2 times (x 81B)
Class org.gradle.internal.installation.CurrentGradleInstallation                      : loaded 2 times (x 73B)
Class org.gradle.util.internal.GUtil                                                  : loaded 2 times (x 71B)
Class com.google.common.collect.Iterators$MergingIterator                             : loaded 2 times (x 81B)
Class org.gradle.internal.installation.GradleInstallation                             : loaded 2 times (x 75B)

---------------  S Y S T E M  ---------------

OS:
 Windows 10 , 64 bit Build 19041 (10.0.19041.5915)
OS uptime: 4 days 7:51 hours
Hyper-V role detected

CPU: total 4 (initial active 4) (2 cores per cpu, 2 threads per core) family 6 model 142 stepping 12 microcode 0xde, cx8, cmov, fxsr, ht, mmx, 3dnowpref, sse, sse2, sse3, ssse3, sse4.1, sse4.2, popcnt, lzcnt, tsc, tscinvbit, avx, avx2, aes, erms, clmul, bmi1, bmi2, adx, fma, vzeroupper, clflush, clflushopt, hv, rdtscp, f16c
Processor Information for the first 4 processors :
  Max Mhz: 2592, Current Mhz: 2093, Mhz Limit: 2073

Memory: 4k page, system-wide physical 8026M (323M free)
TotalPageFile size 19325M (AvailPageFile size 15M)
current process WorkingSet (physical memory assigned to process): 351M, peak: 363M
current process commit charge ("private bytes"): 381M, peak: 412M

vm_info: OpenJDK 64-Bit Server VM (21.0.9+-14787801-b1163.94) for windows-amd64 JRE (21.0.9+-14787801-b1163.94), built on 2026-01-27T21:15:44Z by "builder" with MS VC++ 16.10 / 16.11 (VS2019)

END.
